This is XeTeX, Version 3.1415926-2.3-0.9997.5 (MiKTeX 2.9) (preloaded format=xelatex 2018.10.30)  3 JAN 2019 10:30
entering extended mode
**main.tex
(C:\Users\fanjiaqing\Desktop\nuist_latex_v0_package\nuist_latex_v0\main.tex
LaTeX2e <2011/06/27>
Babel <v3.8m> and hyphenation patterns for loaded.
(d:\CTEX\MiKTeX\tex\latex\base\book.cls
Document Class: book 2007/10/19 v1.4h Standard LaTeX document class
(d:\CTEX\MiKTeX\tex\latex\base\bk12.clo
File: bk12.clo 2007/10/19 v1.4h Standard LaTeX file (size option)
Requested font "cmr12" at 12.0pt
 -> cmr12
)
\c@part=\count80
\c@chapter=\count81
\c@section=\count82
\c@subsection=\count83
\c@subsubsection=\count84
\c@paragraph=\count85
\c@subparagraph=\count86
\c@figure=\count87
\c@table=\count88
\abovecaptionskip=\skip41
\belowcaptionskip=\skip42
\bibindent=\dimen102
)
(C:\Users\fanjiaqing\Desktop\nuist_latex_v0_package\nuist_latex_v0\setup/fonts.
tex (d:\CTEX\MiKTeX\tex\latex\fontspec\fontspec.sty
Package: fontspec 2011/09/18 v2.2a Advanced font selection for XeLaTeX/LuaLaTeX


(d:\CTEX\MiKTeX\tex\latex\l3kernel\expl3.sty
(d:\CTEX\MiKTeX\tex\latex\l3kernel\l3names.sty
(d:\CTEX\MiKTeX\tex\latex\l3kernel\l3bootstrap.sty
Package: l3bootstrap 2011/12/29 v3110 L3 Experimental bootstrap code
)
Package: l3names 2011/12/30 v3113 L3 Experimental namespace for primitives
)
(d:\CTEX\MiKTeX\tex\latex\misc\etex.sty
Package: etex 1998/03/26 v2.0 eTeX basic definition package (PEB)
\et@xins=\count89
)
Package: expl3 2012/02/26 v3471 L3 Experimental code bundle wrapper

(d:\CTEX\MiKTeX\tex\latex\graphics\color.sty
Package: color 2005/11/14 v1.0j Standard LaTeX Color (DPC)

(d:\CTEX\MiKTeX\tex\latex\00miktex\color.cfg
File: color.cfg 2007/01/18 v1.5 color configuration of teTeX/TeXLive
)
Package color Info: Driver file: xetex.def on input line 130.

(d:\CTEX\MiKTeX\tex\xelatex\xetex-def\xetex.def
File: xetex.def 2009/11/22 v0.94 LaTeX color/graphics driver for XeTeX (RRM/JK)

))
(d:\CTEX\MiKTeX\tex\latex\graphics\graphics.sty
Package: graphics 2009/02/05 v1.0o Standard LaTeX Graphics (DPC,SPQR)

(d:\CTEX\MiKTeX\tex\latex\graphics\trig.sty
Package: trig 1999/03/16 v1.09 sin cos tan (DPC)
)
(d:\CTEX\MiKTeX\tex\latex\00miktex\graphics.cfg
File: graphics.cfg 2007/01/18 v1.5 graphics configuration of teTeX/TeXLive
)
Package graphics Info: Driver file: xetex.def on input line 91.
)
(d:\CTEX\MiKTeX\tex\latex\l3kernel\l3basics.sty
Package: l3basics 2012/02/26 v3460 L3 Experimental basic definitions
)
(d:\CTEX\MiKTeX\tex\latex\l3kernel\l3expan.sty
Package: l3expan 2012/02/26 v3460 L3 Experimental argument expansion
)
(d:\CTEX\MiKTeX\tex\latex\l3kernel\l3tl.sty
Package: l3tl 2012/02/26 v3460 L3 Experimental token lists
)
(d:\CTEX\MiKTeX\tex\latex\l3kernel\l3seq.sty
Package: l3seq 2012/01/09 v3158 L3 Experimental sequences and stacks
)
(d:\CTEX\MiKTeX\tex\latex\l3kernel\l3int.sty
Package: l3int 2012/02/26 v3460 L3 Experimental integers
\c_max_int=\count90
\l_tmpa_int=\count91
\l_tmpb_int=\count92
\l_tmpc_int=\count93
\g_tmpa_int=\count94
\g_tmpb_int=\count95
)
(d:\CTEX\MiKTeX\tex\latex\l3kernel\l3quark.sty
Package: l3quark 2012/02/12 v3384 L3 Experimental quarks
)
(d:\CTEX\MiKTeX\tex\latex\l3kernel\l3prg.sty
Package: l3prg 2012/02/26 v3464 L3 Experimental control structures
\g_prg_map_int=\count96
)
(d:\CTEX\MiKTeX\tex\latex\l3kernel\l3clist.sty
Package: l3clist 2012/02/26 v3460 L3 Experimental comma separated lists
)
(d:\CTEX\MiKTeX\tex\latex\l3kernel\l3token.sty
Package: l3token 2012/02/26 v3460 L3 Experimental token manipulation
)
(d:\CTEX\MiKTeX\tex\latex\l3kernel\l3prop.sty
Package: l3prop 2012/02/26 v3460 L3 Experimental property lists
)
(d:\CTEX\MiKTeX\tex\latex\l3kernel\l3msg.sty
Package: l3msg 2012/02/26 v3470 L3 Experimental messages
)
(d:\CTEX\MiKTeX\tex\latex\l3kernel\l3file.sty
Package: l3file 2012/02/26 v3464 L3 Experimental file and I/O operations
\l_iow_stream_int=\count97
\l_iow_line_length_int=\count98
\l_iow_target_length_int=\count99
\l_iow_current_line_int=\count100
\l_iow_current_word_int=\count101
\l_iow_current_indentation_int=\count102
)
(d:\CTEX\MiKTeX\tex\latex\l3kernel\l3skip.sty
Package: l3skip 2012/02/26 v3460 L3 Experimental dimensions and skips
\l_tmpa_dim=\dimen103
\l_tmpb_dim=\dimen104
\l_tmpc_dim=\dimen105
\g_tmpa_dim=\dimen106
\g_tmpb_dim=\dimen107
\l_tmpa_skip=\skip43
\l_tmpb_skip=\skip44
\l_tmpc_skip=\skip45
\g_tmpa_skip=\skip46
\g_tmpb_skip=\skip47
)
(d:\CTEX\MiKTeX\tex\latex\l3kernel\l3keys.sty
Package: l3keys 2011/12/22 v3086 L3 Experimental key-value interfaces
\g_keyval_level_int=\count103
\l_keys_choice_int=\count104
)
(d:\CTEX\MiKTeX\tex\latex\l3kernel\l3fp.sty
Package: l3fp 2012/02/06 v3315 L3 Experimental floating-point operations
\c_one_hundred_million=\count105
\c_five_hundred_million=\count106
\c_one_thousand_million=\count107
\c_fp_pi_by_four_decimal_int=\count108
\c_fp_pi_by_four_extended_int=\count109
\c_fp_pi_decimal_int=\count110
\c_fp_pi_extended_int=\count111
\c_fp_two_pi_decimal_int=\count112
\c_fp_two_pi_extended_int=\count113
\l_fp_count_int=\count114
\l_fp_div_offset_int=\count115
\l_fp_exp_integer_int=\count116
\l_fp_exp_decimal_int=\count117
\l_fp_exp_extended_int=\count118
\l_fp_exp_exponent_int=\count119
\l_fp_input_a_sign_int=\count120
\l_fp_input_a_integer_int=\count121
\l_fp_input_a_decimal_int=\count122
\l_fp_input_a_exponent_int=\count123
\l_fp_input_b_sign_int=\count124
\l_fp_input_b_integer_int=\count125
\l_fp_input_b_decimal_int=\count126
\l_fp_input_b_exponent_int=\count127
\l_fp_input_a_extended_int=\count128
\l_fp_input_b_extended_int=\count129
\l_fp_mul_a_i_int=\count130
\l_fp_mul_a_ii_int=\count131
\l_fp_mul_a_iii_int=\count132
\l_fp_mul_a_iv_int=\count133
\l_fp_mul_a_v_int=\count134
\l_fp_mul_a_vi_int=\count135
\l_fp_mul_b_i_int=\count136
\l_fp_mul_b_ii_int=\count137
\l_fp_mul_b_iii_int=\count138
\l_fp_mul_b_iv_int=\count139
\l_fp_mul_b_v_int=\count140
\l_fp_mul_b_vi_int=\count141
\l_fp_mul_output_int=\count142
\l_fp_output_sign_int=\count143
\l_fp_output_integer_int=\count144
\l_fp_output_decimal_int=\count145
\l_fp_output_exponent_int=\count146
\l_fp_output_extended_int=\count147
\l_fp_round_position_int=\count148
\l_fp_round_target_int=\count149
\l_fp_split_sign_int=\count150
\l_fp_internal_int=\count151
\l_fp_trig_octant_int=\count152
\l_fp_trig_sign_int=\count153
\l_fp_trig_decimal_int=\count154
\l_fp_trig_extended_int=\count155
\l_fp_internal_dim=\dimen108
\l_fp_internal_skip=\skip48
)
(d:\CTEX\MiKTeX\tex\latex\l3kernel\l3box.sty
Package: l3box 2012/02/18 v3432 L3 Experimental boxes
\l_tmpb_box=\box26
\l_box_top_dim=\dimen109
\l_box_bottom_dim=\dimen110
\l_box_left_dim=\dimen111
\l_box_right_dim=\dimen112
\l_box_top_new_dim=\dimen113
\l_box_bottom_new_dim=\dimen114
\l_box_left_new_dim=\dimen115
\l_box_right_new_dim=\dimen116
\l_box_internal_box=\box27
)
(d:\CTEX\MiKTeX\tex\latex\l3kernel\l3coffins.sty
Package: l3coffins 2012/02/26 v3460 L3 Experimental coffin code layer
\l_coffin_internal_box=\box28
\l_coffin_internal_dim=\dimen117
\l_coffin_offset_x_dim=\dimen118
\l_coffin_offset_y_dim=\dimen119
\l_coffin_x_dim=\dimen120
\l_coffin_y_dim=\dimen121
\l_coffin_x_prime_dim=\dimen122
\l_coffin_y_prime_dim=\dimen123
\l_coffin_Depth_dim=\dimen124
\l_coffin_Height_dim=\dimen125
\l_coffin_TotalHeight_dim=\dimen126
\l_coffin_Width_dim=\dimen127
\c_empty_coffin=\box29
\l_coffin_aligned_coffin=\box30
\l_coffin_aligned_internal_coffin=\box31
\l_coffin_bounding_shift_dim=\dimen128
\l_coffin_left_corner_dim=\dimen129
\l_coffin_right_corner_dim=\dimen130
\l_coffin_bottom_corner_dim=\dimen131
\l_coffin_top_corner_dim=\dimen132
\l_coffin_scaled_total_height_dim=\dimen133
\l_coffin_scaled_width_dim=\dimen134
\l_coffin_display_coffin=\box32
\l_coffin_display_coord_coffin=\box33
\l_coffin_display_pole_coffin=\box34
\l_coffin_display_offset_dim=\dimen135
\l_coffin_display_x_dim=\dimen136
\l_coffin_display_y_dim=\dimen137
)
(d:\CTEX\MiKTeX\tex\latex\l3kernel\l3color.sty
Package: l3color 2011/09/07 v2776 L3 Experimental colour support
)
(d:\CTEX\MiKTeX\tex\latex\l3kernel\l3luatex.sty
Package: l3luatex 2012/02/09 v3355 L3 Experimental LuaTeX-specific functions
\g_cctab_allocate_int=\count156
\g_cctab_stack_int=\count157
))
(d:\CTEX\MiKTeX\tex\latex\l3packages\xparse\xparse.sty
Package: xparse 2012/02/26 v3471 L3 Experimental document command parser
\l_xparse_current_arg_int=\count158
\l_xparse_m_args_int=\count159
\l_xparse_mandatory_args_int=\count160
\l_xparse_processor_int=\count161
\l_xparse_v_nesting_int=\count162
)
\l_fontspec_script_int=\count163
\l_fontspec_language_int=\count164
\l_fontspec_strnum_int=\count165
\l_fontspec_tmpa_dim=\dimen138
\l_fontspec_tmpb_dim=\dimen139
\l_fontspec_tmpc_dim=\dimen140
Variant \tl_gset:cV already defined; not changing it on line 66

(d:\CTEX\MiKTeX\tex\latex\fontspec\fontspec-patches.sty
Package: fontspec-patches 2011/09/18 v2.2a Advanced font selection for XeLaTeX/
LuaLaTeX

(d:\CTEX\MiKTeX\tex\latex\base\fixltx2e.sty
Package: fixltx2e 2006/09/13 v1.1m fixes to LaTeX
LaTeX Info: Redefining \em on input line 420.
)
LaTeX Info: Redefining \em on input line 22.
LaTeX Info: Redefining \emph on input line 29.
LaTeX Info: Redefining \- on input line 32.

*************************************************
* LaTeX warning: "xparse/redefine-command"
* 
* Redefining document command \oldstylenums with arg. spec. 'm' on line 107.
*************************************************
.................................................
. LaTeX info: "xparse/define-command"
. 
. Defining document command \liningnums with arg. spec. 'm' on line 111.
.................................................
) (d:\CTEX\MiKTeX\tex\latex\fontspec\fontspec-xetex.sty
Package: fontspec-xetex 2011/09/18 v2.2a Advanced font selection for XeLaTeX/Lu
aLaTeX

(d:\CTEX\MiKTeX\tex\latex\base\fontenc.sty
Package: fontenc 2005/09/27 v1.99g Standard LaTeX package

(d:\CTEX\MiKTeX\tex\latex\euenc\eu1enc.def
File: eu1enc.def 2010/05/27 v0.1h Experimental Unicode font encodings
)
LaTeX Font Info:    Try loading font information for EU1+lmr on input line 100.


(d:\CTEX\MiKTeX\tex\latex\euenc\eu1lmr.fd
File: eu1lmr.fd 2009/10/30 v1.6 Font defs for Latin Modern
)
Requested font "[lmroman10-regular]:mapping=tex-text" at 10.0pt
 -> d:/CTEX/MiKTeX/fonts/opentype/public/lm/lmroman10-regular.otf
)
(d:\CTEX\MiKTeX\tex\xelatex\xunicode\xunicode.sty
File: xunicode.sty 2011/09/09 v0.981 provides access to latin accents and many 
other characters in Unicode lower plane

(d:\CTEX\MiKTeX\tex\latex\tipa\t3enc.def
File: t3enc.def 2001/12/31 T3 encoding
Requested font "[lmromanslant10-regular]:mapping=tex-text" at 10.0pt
 -> d:/CTEX/MiKTeX/fonts/opentype/public/lm/lmromanslant10-regular.otf
Requested font "[lmroman10-italic]:mapping=tex-text" at 10.0pt
 -> d:/CTEX/MiKTeX/fonts/opentype/public/lm/lmroman10-italic.otf
Requested font "[lmroman10-bold]:mapping=tex-text" at 10.0pt
 -> d:/CTEX/MiKTeX/fonts/opentype/public/lm/lmroman10-bold.otf
LaTeX Font Info:    Try loading font information for EU1+lmss on input line 357
.

(d:\CTEX\MiKTeX\tex\latex\euenc\eu1lmss.fd
File: eu1lmss.fd 2009/10/30 v1.6 Font defs for Latin Modern
)
Requested font "[lmsans10-regular]:mapping=tex-text" at 10.0pt
 -> d:/CTEX/MiKTeX/fonts/opentype/public/lm/lmsans10-regular.otf
)
\tipaTiiicode=\count166
\tipasavetokens=\toks14
\tipachecktokens=\toks15

(d:\CTEX\MiKTeX\tex\latex\graphics\graphicx.sty
Package: graphicx 1999/02/16 v1.0f Enhanced LaTeX Graphics (DPC,SPQR)

(d:\CTEX\MiKTeX\tex\latex\graphics\keyval.sty
Package: keyval 1999/03/16 v1.13 key=value parser (DPC)
\KV@toks@=\toks16
)
\Gin@req@height=\dimen141
\Gin@req@width=\dimen142
))
.................................................
. LaTeX info: "xparse/define-command"
. 
. Defining document command \fontspec with arg. spec. 'O{}m' on line 39.
.................................................
.................................................
. LaTeX info: "xparse/define-command"
. 
. Defining document command \setmainfont with arg. spec. 'O{}m' on line 43.
.................................................
.................................................
. LaTeX info: "xparse/define-command"
. 
. Defining document command \setsansfont with arg. spec. 'O{}m' on line 47.
.................................................
.................................................
. LaTeX info: "xparse/define-command"
. 
. Defining document command \setmonofont with arg. spec. 'O{}m' on line 51.
.................................................
.................................................
. LaTeX info: "xparse/define-command"
. 
. Defining document command \setmathrm with arg. spec. 'O{}m' on line 59.
.................................................
.................................................
. LaTeX info: "xparse/define-command"
. 
. Defining document command \setboldmathrm with arg. spec. 'O{}m' on line 62.
.................................................
.................................................
. LaTeX info: "xparse/define-command"
. 
. Defining document command \setmathsf with arg. spec. 'O{}m' on line 65.
.................................................
.................................................
. LaTeX info: "xparse/define-command"
. 
. Defining document command \setmathtt with arg. spec. 'O{}m' on line 68.
.................................................
.................................................
. LaTeX info: "xparse/define-command"
. 
. Defining document command \newfontfamily with arg. spec. 'mO{}m' on line 84.
.................................................
.................................................
. LaTeX info: "xparse/define-command"
. 
. Defining document command \newfontface with arg. spec. 'mO{}m' on line 87.
.................................................
.................................................
. LaTeX info: "xparse/define-command"
. 
. Defining document command \defaultfontfeatures with arg. spec. 'm' on line
. 91.
.................................................
.................................................
. LaTeX info: "xparse/define-command"
. 
. Defining document command \addfontfeatures with arg. spec. 'm' on line 107.
.................................................
.................................................
. LaTeX info: "xparse/define-command"
. 
. Defining document command \newfontfeature with arg. spec. 'mm' on line 118.
.................................................
.................................................
. LaTeX info: "xparse/define-command"
. 
. Defining document command \newAATfeature with arg. spec. 'mmmm' on line 125.
.................................................
.................................................
. LaTeX info: "xparse/define-command"
. 
. Defining document command \newICUfeature with arg. spec. 'mmm' on line 132.
.................................................
.................................................
. LaTeX info: "xparse/define-command"
. 
. Defining document command \aliasfontfeature with arg. spec. 'mm' on line
. 159.
.................................................
.................................................
. LaTeX info: "xparse/define-command"
. 
. Defining document command \aliasfontfeatureoption with arg. spec. 'mmm' on
. line 164.
.................................................
.................................................
. LaTeX info: "xparse/define-command"
. 
. Defining document command \newfontscript with arg. spec. 'mm' on line 169.
.................................................
.................................................
. LaTeX info: "xparse/define-command"
. 
. Defining document command \newfontlanguage with arg. spec. 'mm' on line 192.
.................................................
.................................................
. LaTeX info: "xparse/define-command"
. 
. Defining document command \DeclareFontsExtensions with arg. spec. 'm' on
. line 211.
.................................................
Variant \prop_gput:cnV already defined; not changing it on line 485
Variant \prop_gput:cnx already defined; not changing it on line 486
Variant \keys_set:nx already defined; not changing it on line 963
\c@fontspec_tmp_int=\count167
LaTeX Info: Redefining \itshape on input line 1881.
LaTeX Info: Redefining \slshape on input line 1885.
LaTeX Info: Redefining \scshape on input line 1889.
LaTeX Info: Redefining \upshape on input line 1893.

(d:\CTEX\MiKTeX\tex\latex\fontspec\fontspec.cfg)))
(d:\CTEX\MiKTeX\tex\latex\xltxtra\xltxtra.sty
Package: xltxtra 2010/09/20 v0.5e Improvements for the "XeLaTeX" format

(d:\CTEX\MiKTeX\tex\generic\oberdiek\ifluatex.sty
Package: ifluatex 2010/03/01 v1.3 Provides the ifluatex switch (HO)
Package ifluatex Info: LuaTeX not detected.
)
(d:\CTEX\MiKTeX\tex\generic\ifxetex\ifxetex.sty
Package: ifxetex 2010/09/12 v0.6 Provides ifxetex conditional
)
(d:\CTEX\MiKTeX\tex\latex\realscripts\realscripts.sty
Package: realscripts 2010/09/30 v0.3 Access OpenType subscripts and superscript
s
.................................................
. LaTeX info: "xparse/define-command"
. 
. Defining document command \fakesubscript with arg. spec. 'm' on line 19.
.................................................
.................................................
. LaTeX info: "xparse/define-command"
. 
. Defining document command \fakesuperscript with arg. spec. 'm' on line 22.
.................................................

*************************************************
* LaTeX warning: "xparse/redefine-command"
* 
* Redefining document command \textsubscript with arg. spec. 's' on line 25.
*************************************************
*************************************************
* LaTeX warning: "xparse/redefine-command"
* 
* Redefining document command \textsuperscript with arg. spec. 's' on line 28.
*************************************************
.................................................
. LaTeX info: "xparse/define-command"
. 
. Defining document command \realsubscript with arg. spec. 'm' on line 45.
.................................................
.................................................
. LaTeX info: "xparse/define-command"
. 
. Defining document command \realsuperscript with arg. spec. 'm' on line 60.
.................................................
.................................................
. LaTeX info: "xparse/define-command"
. 
. Defining document command \textsubsuperscript with arg. spec. 'sO{l}mm' on
. line 137.
.................................................
.................................................
. LaTeX info: "xparse/define-command"
. 
. Defining document command \textsupersubscript with arg. spec. 'sO{l}mm' on
. line 140.
.................................................
\subsupersep=\dimen143
) (d:\CTEX\MiKTeX\tex\latex\metalogo\metalogo.sty
Package: metalogo 2010/05/29 v0.12 Extended TeX logo macros
\xl@everylogo=\toks17
\xl@@everylogo=\toks18
LaTeX Info: Redefining \TeX on input line 193.
LaTeX Info: Redefining \LaTeX on input line 202.
LaTeX Info: Redefining \LaTeXe on input line 219.
)
\xxt@tempbox=\box35
)
(d:\CTEX\MiKTeX\tex\xelatex\xecjk\xeCJK.sty
Package: xeCJK 2012/01/31 2.4.5 package for typesetting CJK scripts with XeLaTe
X

(d:\CTEX\MiKTeX\tex\latex\xkeyval\xkeyval.sty
Package: xkeyval 2008/08/13 v2.6a package option processing (HA)

(d:\CTEX\MiKTeX\tex\generic\xkeyval\xkeyval.tex
\XKV@toks=\toks19
\XKV@tempa@toks=\toks20
\XKV@depth=\count168
File: xkeyval.tex 2008/08/13 v2.6a key=value parser (HA)
))
\xeCJK@cnta=\count169
\xeCJK@cntb=\count170
\xeCJK@cntc=\count171
\xeCJK@cntd=\count172
\xeCJK@cnte=\count173
\xeCJK@dima=\dimen144
LaTeX Info: Redefining \normalfont on input line 886.
LaTeX Info: Redefining \rmfamily on input line 895.
LaTeX Info: Redefining \sffamily on input line 899.
LaTeX Info: Redefining \ttfamily on input line 903.
\xeCJK@featureadded=\count174
\g_xecjk_exspace_dim=\dimen145

(d:\CTEX\MiKTeX\tex\latex\cjk\CJKnumb.sty
Package: CJKnumb 2008/12/29 4.8.2
\CJK@q=\count175
\CJK@r=\count176
))
(d:\CTEX\MiKTeX\tex\latex\ams\math\amsmath.sty
Package: amsmath 2000/07/18 v2.13 AMS math features
\@mathmargin=\skip49

For additional information on amsmath, use the `?' option.
(d:\CTEX\MiKTeX\tex\latex\ams\math\amstext.sty
Package: amstext 2000/06/29 v2.01

(d:\CTEX\MiKTeX\tex\latex\ams\math\amsgen.sty
File: amsgen.sty 1999/11/30 v2.0
\@emptytoks=\toks21
\ex@=\dimen146
))
(d:\CTEX\MiKTeX\tex\latex\ams\math\amsbsy.sty
Package: amsbsy 1999/11/29 v1.2d
\pmbraise@=\dimen147
)
(d:\CTEX\MiKTeX\tex\latex\ams\math\amsopn.sty
Package: amsopn 1999/12/14 v2.01 operator names
)
\inf@bad=\count177
LaTeX Info: Redefining \frac on input line 211.
\uproot@=\count178
\leftroot@=\count179
LaTeX Info: Redefining \overline on input line 307.
\classnum@=\count180
\DOTSCASE@=\count181
LaTeX Info: Redefining \ldots on input line 379.
LaTeX Info: Redefining \dots on input line 382.
LaTeX Info: Redefining \cdots on input line 467.
\Mathstrutbox@=\box36
\strutbox@=\box37
\big@size=\dimen148
LaTeX Font Info:    Redeclaring font encoding OML on input line 567.
LaTeX Font Info:    Redeclaring font encoding OMS on input line 568.
\macc@depth=\count182
\c@MaxMatrixCols=\count183
\dotsspace@=\muskip10
\c@parentequation=\count184
\dspbrk@lvl=\count185
\tag@help=\toks22
\row@=\count186
\column@=\count187
\maxfields@=\count188
\andhelp@=\toks23
\eqnshift@=\dimen149
\alignsep@=\dimen150
\tagshift@=\dimen151
\tagwidth@=\dimen152
\totwidth@=\dimen153
\lineht@=\dimen154
\@envbody=\toks24
\multlinegap=\skip50
\multlinetaggap=\skip51
\mathdisplay@stack=\toks25
LaTeX Info: Redefining \[ on input line 2666.
LaTeX Info: Redefining \] on input line 2667.
)
(d:\CTEX\MiKTeX\tex\latex\amsfonts\amssymb.sty
Package: amssymb 2009/06/22 v3.00

(d:\CTEX\MiKTeX\tex\latex\amsfonts\amsfonts.sty
Package: amsfonts 2009/06/22 v3.00 Basic AMSFonts support
\symAMSa=\mathgroup4
\symAMSb=\mathgroup5
LaTeX Font Info:    Overwriting math alphabet `\mathfrak' in version `bold'
(Font)                  U/euf/m/n --> U/euf/b/n on input line 96.
))
Requested font "Times New Roman" at 10.0pt
 -> C:/windows/Fonts/times.ttf
Requested font "Times New Roman/ICU" at 10.0pt
 -> C:/windows/Fonts/times.ttf
\g_fontspec_family_Times New Roman_int=\count189
Requested font "Times New Roman/B/ICU" at 10.0pt
 -> C:/windows/Fonts/timesbd.ttf
Requested font "Times New Roman/B/B/ICU" at 10.0pt
 -> C:/windows/Fonts/timesbd.ttf
Requested font "Times New Roman/I/ICU" at 10.0pt
 -> C:/windows/Fonts/timesi.ttf
Requested font "Times New Roman/I/I/ICU" at 10.0pt
 -> C:/windows/Fonts/timesi.ttf
Requested font "Times New Roman/BI/ICU" at 10.0pt
 -> C:/windows/Fonts/timesbi.ttf
Requested font "Times New Roman/BI/BI/ICU" at 10.0pt
 -> C:/windows/Fonts/timesbi.ttf
.................................................
. fontspec info: "defining-font"
. 
. Font family 'TimesNewRoman(0)' created for font 'Times New Roman' with
. options [Mapping=tex-text].
. 
. This font family consists of the following shapes:
. 
. * 'normal' with NFSS spec.:
. <->"Times New Roman/ICU:script=latn;language=DFLT;mapping=tex-text;"
. 
. * 'bold' with NFSS spec.:
. <->"Times New Roman/B/ICU:script=latn;language=DFLT;mapping=tex-text;"
. 
. * 'italic' with NFSS spec.:
. <->"Times New Roman/I/ICU:script=latn;language=DFLT;mapping=tex-text;"
. 
. * 'bold italic' with NFSS spec.:
. <->"Times New Roman/BI/ICU:script=latn;language=DFLT;mapping=tex-text;"
.................................................
Requested font "Times New Roman/ICU:script=latn;language=DFLT;mapping=tex-text;
" at 10.0pt
 -> C:/windows/Fonts/times.ttf
Requested font "Arial" at 10.0pt
 -> C:/windows/Fonts/arial.ttf
Requested font "Arial/ICU" at 10.0pt
 -> C:/windows/Fonts/arial.ttf
\g_fontspec_family_Arial_int=\count190
Requested font "Arial/B/ICU" at 10.0pt
 -> C:/windows/Fonts/arialbd.ttf
Requested font "Arial/B/B/ICU" at 10.0pt
 -> C:/windows/Fonts/arialbd.ttf
Requested font "Arial/I/ICU" at 10.0pt
 -> C:/windows/Fonts/ariali.ttf
Requested font "Arial/I/I/ICU" at 10.0pt
 -> C:/windows/Fonts/ariali.ttf
Requested font "Arial/BI/ICU" at 10.0pt
 -> C:/windows/Fonts/arialbi.ttf
Requested font "Arial/BI/BI/ICU" at 10.0pt
 -> C:/windows/Fonts/arialbi.ttf
.................................................
. fontspec info: "defining-font"
. 
. Font family 'Arial(0)' created for font 'Arial' with options
. [Mapping=tex-text].
. 
. This font family consists of the following shapes:
. 
. * 'normal' with NFSS spec.:
. <->"Arial/ICU:script=latn;language=DFLT;mapping=tex-text;"
. 
. * 'bold' with NFSS spec.:
. <->"Arial/B/ICU:script=latn;language=DFLT;mapping=tex-text;"
. 
. * 'italic' with NFSS spec.:
. <->"Arial/I/ICU:script=latn;language=DFLT;mapping=tex-text;"
. 
. * 'bold italic' with NFSS spec.:
. <->"Arial/BI/ICU:script=latn;language=DFLT;mapping=tex-text;"
.................................................
Requested font "Consolas" at 10.0pt
 -> C:/windows/Fonts/consola.ttf
Requested font "Consolas/ICU" at 10.0pt
 -> C:/windows/Fonts/consola.ttf
\g_fontspec_family_Consolas_int=\count191
Requested font "Consolas/B/ICU" at 10.0pt
 -> C:/windows/Fonts/consolab.ttf
Requested font "Consolas/B/B/ICU" at 10.0pt
 -> C:/windows/Fonts/consolab.ttf
Requested font "Consolas/I/ICU" at 10.0pt
 -> C:/windows/Fonts/consolai.ttf
Requested font "Consolas/I/I/ICU" at 10.0pt
 -> C:/windows/Fonts/consolai.ttf
Requested font "Consolas/BI/ICU" at 10.0pt
 -> C:/windows/Fonts/consolaz.ttf
Requested font "Consolas/BI/BI/ICU" at 10.0pt
 -> C:/windows/Fonts/consolaz.ttf
.................................................
. fontspec info: "defining-font"
. 
. Font family 'Consolas(0)' created for font 'Consolas' with options [].
. 
. This font family consists of the following shapes:
. 
. * 'normal' with NFSS spec.:
. <->"Consolas/ICU:script=latn;language=DFLT;"
. 
. * 'bold' with NFSS spec.:
. <->"Consolas/B/ICU:script=latn;language=DFLT;"
. 
. * 'italic' with NFSS spec.:
. <->"Consolas/I/ICU:script=latn;language=DFLT;"
. 
. * 'bold italic' with NFSS spec.:
. <->"Consolas/BI/ICU:script=latn;language=DFLT;"
.................................................
)
(C:\Users\fanjiaqing\Desktop\nuist_latex_v0_package\nuist_latex_v0\setup/packag
es.tex (d:\CTEX\MiKTeX\tex\latex\geometry\geometry.sty
Package: geometry 2010/09/12 v5.6 Page Geometry

(d:\CTEX\MiKTeX\tex\generic\oberdiek\ifpdf.sty
Package: ifpdf 2011/01/30 v2.3 Provides the ifpdf switch (HO)
Package ifpdf Info: pdfTeX in PDF mode is not detected.
)
(d:\CTEX\MiKTeX\tex\generic\oberdiek\ifvtex.sty
Package: ifvtex 2010/03/01 v1.5 Switches for detecting VTeX and its modes (HO)
Package ifvtex Info: VTeX not detected.
)
\Gm@cnth=\count192
\Gm@cntv=\count193
\c@Gm@tempcnt=\count194
\Gm@bindingoffset=\dimen155
\Gm@wd@mp=\dimen156
\Gm@odd@mp=\dimen157
\Gm@even@mp=\dimen158
\Gm@layoutwidth=\dimen159
\Gm@layoutheight=\dimen160
\Gm@layouthoffset=\dimen161
\Gm@layoutvoffset=\dimen162
\Gm@dimlist=\toks26

(d:\CTEX\MiKTeX\tex\xelatex\xetexconfig\geometry.cfg))
(d:\CTEX\MiKTeX\tex\latex\tools\indentfirst.sty
Package: indentfirst 1995/11/23 v1.03 Indent first paragraph (DPC)
)
(d:\CTEX\MiKTeX\tex\latex\titlesec\titlesec.sty
Package: titlesec 2011/12/15 v2.10.0 Sectioning titles
\ttl@box=\box38
\beforetitleunit=\skip52
\aftertitleunit=\skip53
\ttl@plus=\dimen163
\ttl@minus=\dimen164
\ttl@toksa=\toks27
\titlewidth=\dimen165
\titlewidthlast=\dimen166
\titlewidthfirst=\dimen167
)
(d:\CTEX\MiKTeX\tex\latex\titlesec\titletoc.sty
Package: titletoc 2011/12/15 v1.6 TOC entries
\ttl@leftsep=\dimen168
)
(d:\CTEX\MiKTeX\tex\latex\fancyhdr\fancyhdr.sty
\fancy@headwidth=\skip54
\f@ncyO@elh=\skip55
\f@ncyO@erh=\skip56
\f@ncyO@olh=\skip57
\f@ncyO@orh=\skip58
\f@ncyO@elf=\skip59
\f@ncyO@erf=\skip60
\f@ncyO@olf=\skip61
\f@ncyO@orf=\skip62
)
(d:\CTEX\MiKTeX\tex\latex\footmisc\footmisc.sty
Package: footmisc 2011/06/06 v5.5b a miscellany of footnote facilities
\FN@temptoken=\toks28
\footnotemargin=\dimen169
\c@pp@next@reset=\count195
\c@@fnserial=\count196
Package footmisc Info: Declaring symbol style bringhurst on input line 855.
Package footmisc Info: Declaring symbol style chicago on input line 863.
Package footmisc Info: Declaring symbol style wiley on input line 872.
Package footmisc Info: Declaring symbol style lamport-robust on input line 883.

Package footmisc Info: Declaring symbol style lamport* on input line 903.
Package footmisc Info: Declaring symbol style lamport*-robust on input line 924
.
)
(d:\CTEX\MiKTeX\tex\latex\layouts\layouts.sty
Package: layouts 2009/09/02 v2.6d graphical depiction of document elements
\l@ylen=\skip63
\layoutsbox=\box39
\l@youtunitlength=\skip64
\l@youtlinethick=\skip65
\l@youtlinethickii=\skip66
\l@ysetupparskip=\skip67
\l@ysetupbaselineskip=\skip68
\l@yonem=\skip69
\l@yonex=\skip70
\l@ylmarg=\skip71
\l@yrmarg=\skip72
\l@yitmindent=\skip73
\l@ylblwidth=\skip74
\l@ylblsep=\skip75
\l@ylparindent=\skip76
\l@ytsep=\skip77
\l@ypskip=\skip78
\l@yptsep=\skip79
\l@ypsep=\skip80
\l@yitmsep=\skip81
\l@ytok=\toks29
\l@youtpw=\count197
\l@youtph=\count198
\l@youthpi=\count199
\l@youthpii=\count200
\l@youthpiii=\count201
Normal \count register pool exhausted, switching to extended pool.
\l@youthpiv=\count277
\l@youthpv=\count278
\l@youthpvi=\count279
\l@youthpvii=\count280
\l@youtparskip=\count281
\l@youtvpi=\count282
\l@youtvpii=\count283
\l@youtvpiii=\count284
\l@youtvpiv=\count285
\l@youtvpv=\count286
\l@youtvpvi=\count287
\l@youtvpvii=\count288
\l@youthdo=\count289
\l@youthdi=\count290
\l@youthdii=\count291
\l@youthdiii=\count292
\l@youthdiv=\count293
\l@youthdv=\count294
\l@youthdvi=\count295
\l@youthdvii=\count296
\l@youtvdo=\count297
\l@youtvdi=\count298
\l@youtvdii=\count299
\l@youtvdiii=\count300
\l@youtvdiv=\count301
\l@youtvdv=\count302
\l@youtvdvi=\count303
\l@youtvdvii=\count304
\l@youtvdviii=\count305
\l@youtxci=\count306
\l@youtxcii=\count307
\l@youtxciii=\count308
\l@youtxciv=\count309
\l@youtxcv=\count310
\l@youtxcvi=\count311
\l@youtyci=\count312
\l@youtycii=\count313
\l@youtyciii=\count314
\l@youtyciv=\count315
\l@youtycv=\count316
\l@youtycvi=\count317
\l@youtycvii=\count318
\l@youtycviii=\count319
\l@youtxco=\count320
\l@youtyco=\count321
\l@ytempdima=\skip82
\stockwidth=\skip83
\stockheight=\skip84
\trimedge=\skip85
\trimtop=\skip86
\uppermargin=\skip87
\spinemargin=\skip88
)
(d:\CTEX\MiKTeX\tex\latex\paralist\paralist.sty
Package: paralist 2002/03/18 v2.3b Extended list environments (BS)
\pltopsep=\skip89
\plpartopsep=\skip90
\plitemsep=\skip91
\plparsep=\skip92
\pl@lab=\toks30
)
(d:\CTEX\MiKTeX\tex\latex\enumitem\enumitem.sty
Package: enumitem 2011/09/28 v3.5.2 Customized lists
\labelindent=\skip93
\enit@outerparindent=\dimen170
\enit@toks=\toks31
\enit@inbox=\box40
\enitdp@description=\count322
)
(d:\CTEX\MiKTeX\tex\latex\fancyvrb\fancyvrb.sty
Package: fancyvrb 2008/02/07

Style option: `fancyvrb' v2.7a, with DG/SPQR fixes, and firstline=lastline fix 
<2008/02/07> (tvz)
\FV@CodeLineNo=\count323
\FV@InFile=\read1
\FV@TabBox=\box41
\c@FancyVerbLine=\count324
\FV@StepNumber=\count325
\FV@OutFile=\write3
) (d:\CTEX\MiKTeX\tex\latex\ntheorem\ntheorem.sty
Style `ntheorem', Version 1.31 <2011/02/16>
Package: ntheorem 2011/02/16 1.31
(d:\CTEX\MiKTeX\tex\latex\base\ifthen.sty
Package: ifthen 2001/05/26 v1.1c Standard LaTeX ifthen package (DPC)
)
\theorem@style=\toks32
\theorem@@style=\toks33
\theorembodyfont=\toks34
\theoremnumbering=\toks35
\theorempreskipamount=\skip94
\theorempostskipamount=\skip95
\theoremframepreskipamount=\skip96
\theoremframepostskipamount=\skip97
\theoremindent=\dimen171
\theorem@indent=\dimen172
\theoremheaderfont=\toks36
\theoremseparator=\toks37
\theoremprework=\toks38
\theorempostwork=\toks39
\theoremsymbol=\toks40
\qedsymbol=\toks41
\theoremkeyword=\toks42
\qedsymbol=\toks43
\thm@topsepadd=\skip98
Package ntheorem Info: Option `thmmarks' loaded on input line 1066.
\c@endNonectr=\count326
\c@currNonectr=\count327
\mysavskip=\skip99
Package ntheorem Info: option `amsmath' handling for `thmmarks' loaded on input
 line 1066.
\thm@amstmpdepth=\dimen173
\tagwidth=\dimen174
)
(d:\CTEX\MiKTeX\tex\latex\type1cm\type1cm.sty
Package: type1cm 2002/09/05 v0.04 BlueSky/Y&Y Type1 CM font definitions (DPC, p
atched RF)
)
(d:\CTEX\MiKTeX\tex\latex\booktabs\booktabs.sty
Package: booktabs 2005/04/14 v1.61803 publication quality tables
\heavyrulewidth=\dimen175
\lightrulewidth=\dimen176
\cmidrulewidth=\dimen177
\belowrulesep=\dimen178
\belowbottomsep=\dimen179
\aboverulesep=\dimen180
\abovetopsep=\dimen181
\cmidrulesep=\dimen182
\cmidrulekern=\dimen183
\defaultaddspace=\dimen184
\@cmidla=\count328
\@cmidlb=\count329
\@aboverulesep=\dimen185
\@belowrulesep=\dimen186
\@thisruleclass=\count330
\@lastruleclass=\count331
\@thisrulewidth=\dimen187
)
(d:\CTEX\MiKTeX\tex\latex\multirow\multirow.sty
\bigstrutjot=\dimen188
)
(d:\CTEX\MiKTeX\tex\latex\diagbox\diagbox.sty
Package: diagbox 2011/11/23 v2.0 Making table heads with diagonal lines

(d:\CTEX\MiKTeX\tex\latex\pict2e\pict2e.sty
Package: pict2e 2011/04/05 v0.2y Improved picture commands (HjG,RN,JT)

(d:\CTEX\MiKTeX\tex\latex\00miktex\pict2e.cfg
File: pict2e.cfg 2005/12/29 v1.0 MiKTeX 'pict2e' configuration
)
Package pict2e Info: Driver file: dvips.def on input line 119.

(d:\CTEX\MiKTeX\tex\latex\graphics\dvips.def
File: dvips.def 1999/02/16 v3.0i Driver-dependant file (DPC,SPQR)
)
Package pict2e Info: Driver file for pict2e: p2e-dvips.def on input line 121.

(d:\CTEX\MiKTeX\tex\latex\pict2e\p2e-dvips.def
File: p2e-dvips.def 2011/04/05 v0.1t Driver-dependant file (RN,HjG,JT)
)
\pIIe@GRAPH=\toks44
\@arclen=\dimen189
\@arcrad=\dimen190
\@tempdimd=\dimen191
)
(d:\CTEX\MiKTeX\tex\latex\fp\fp.sty
Package: fp 1995/04/02

`Fixed Point Package', Version 0.8, April 2, 1995 (C) Michael Mehlich
(d:\CTEX\MiKTeX\tex\latex\fp\defpattern.sty
Package: defpattern 1994/10/12
\actioncount=\count332
)
(d:\CTEX\MiKTeX\tex\latex\fp\fp-basic.sty
Package: fp-basic 1996/05/13
\FP@xs=\count333
\FP@xia=\count334
\FP@xib=\count335
\FP@xfa=\count336
\FP@xfb=\count337
\FP@rega=\count338
\FP@regb=\count339
\FP@regs=\count340
\FP@times=\count341
)
(d:\CTEX\MiKTeX\tex\latex\fp\fp-addons.sty
Package: fp-addons 1995/03/15
)
(d:\CTEX\MiKTeX\tex\latex\fp\fp-snap.sty
Package: fp-snap 1995/04/05
)
(d:\CTEX\MiKTeX\tex\latex\fp\fp-exp.sty
Package: fp-exp 1995/04/03
)
(d:\CTEX\MiKTeX\tex\latex\fp\fp-trigo.sty
Package: fp-trigo 1995/04/14
)
(d:\CTEX\MiKTeX\tex\latex\fp\fp-pas.sty
Package: fp-pas 1994/08/29
)
(d:\CTEX\MiKTeX\tex\latex\fp\fp-random.sty
Package: fp-random 1995/02/23
\FPseed=\count342
)
(d:\CTEX\MiKTeX\tex\latex\fp\fp-eqn.sty
Package: fp-eqn 1995/04/03
)
(d:\CTEX\MiKTeX\tex\latex\fp\fp-upn.sty
Package: fp-upn 1996/10/21
)
(d:\CTEX\MiKTeX\tex\latex\fp\fp-eval.sty
Package: fp-eval 1995/04/03
))
\diagbox@boxa=\box42
\diagbox@boxb=\box43
\diagbox@boxm=\box44
\diagbox@wd=\dimen192
\diagbox@ht=\dimen193
\diagbox@sepl=\dimen194
\diagbox@sepr=\dimen195
)
(d:\CTEX\MiKTeX\tex\latex\tools\tabularx.sty
Package: tabularx 1999/01/07 v2.07 `tabularx' package (DPC)

(d:\CTEX\MiKTeX\tex\latex\tools\array.sty
Package: array 2008/09/09 v2.4c Tabular extension package (FMi)
\col@sep=\dimen196
\extrarowheight=\dimen197
\NC@list=\toks45
\extratabsurround=\skip100
\backup@length=\skip101
)
\TX@col@width=\dimen198
\TX@old@table=\dimen199
\TX@old@col=\dimen200
\TX@target=\dimen201
Normal \dimen register pool exhausted, switching to extended pool.
\TX@delta=\dimen256
\TX@cols=\count343
\TX@ftn=\toks46
)
(d:\CTEX\MiKTeX\tex\latex\siunitx\siunitx.sty
Package: siunitx 2012/01/26 v2.4j A comprehensive (SI) units package

(d:\CTEX\MiKTeX\tex\latex\l3packages\l3keys2e\l3keys2e.sty
Package: l3keys2e 2012/02/26 v3471 LaTeX2e option processing using LaTeX3 keys
)
\l_siunitx_tmp_box=\box45
\l_siunitx_tmp_dim=\dimen257
\l_siunitx_tmp_int=\count344
Variant \prop_get:NVNT already defined; not changing it on line 363
Variant \prop_get:NVNF already defined; not changing it on line 364
Variant \prop_get:NVNTF already defined; not changing it on line 365
\l_siunitx_number_mantissa_length_int=\count345
\l_siunitx_number_uncert_length_int=\count346
\l_siunitx_round_int=\count347
\l_siunitx_process_decimal_int=\count348
\l_siunitx_process_uncertainty_int=\count349
\l_siunitx_process_fixed_int=\count350
\l_siunitx_process_integer_min_int=\count351
\l_siunitx_process_precision_int=\count352
\l_siunitx_group_min_int=\count353
\l_siunitx_angle_marker_box=\box46
\l_siunitx_angle_unit_box=\box47
\l_siunitx_angle_marker_dim=\dimen258
\l_siunitx_angle_unit_dim=\dimen259
\l_siunitx_unit_int=\count354
\l_siunitx_unit_denominator_int=\count355
\l_siunitx_unit_numerator_int=\count356
\l_siunitx_unit_prefix_int=\count357
\l_siunitx_unit_prefix_base_int=\count358
\l_siunitx_unit_prefix_gram_int=\count359
\l_siunitx_number_product_int=\count360
\c_siunitx_one_fill_skip=\skip102
\l_siunitx_table_unit_align_skip=\skip103
\l_siunitx_table_exponent_dim=\dimen260
\l_siunitx_table_integer_dim=\dimen261
\l_siunitx_table_mantissa_dim=\dimen262
\l_siunitx_table_marker_dim=\dimen263
\l_siunitx_table_result_dim=\dimen264
\l_siunitx_table_uncert_dim=\dimen265
\l_siunitx_table_fill_pre_dim=\dimen266
\l_siunitx_table_fill_post_dim=\dimen267
\l_siunitx_table_fill_mid_dim=\dimen268
\l_siunitx_table_pre_box=\box48
\l_siunitx_table_post_box=\box49
\l_siunitx_table_mantissa_box=\box50
\l_siunitx_table_result_box=\box51
\l_siunitx_table_number_align_skip=\skip104
\l_siunitx_table_text_align_skip=\skip105
.................................................
. LaTeX info: "xparse/define-command"
. 
. Defining document command \DeclareBinaryPrefix with arg. spec. 'mmm' on line
. 6955.
.................................................
.................................................
. LaTeX info: "xparse/define-command"
. 
. Defining document command \DeclareSIPostPower with arg. spec. 'mm' on line
. 6958.
.................................................
.................................................
. LaTeX info: "xparse/define-command"
. 
. Defining document command \DeclareSIPrefix with arg. spec. 'mmm' on line
. 6961.
.................................................
.................................................
. LaTeX info: "xparse/define-command"
. 
. Defining document command \DeclareSIPrePower with arg. spec. 'mm' on line
. 6964.
.................................................
.................................................
. LaTeX info: "xparse/define-command"
. 
. Defining document command \DeclareSIQualifier with arg. spec. 'mm' on line
. 6967.
.................................................
.................................................
. LaTeX info: "xparse/define-command"
. 
. Defining document command \DeclareSIUnit with arg. spec. 'O{}mm' on line
. 6970.
.................................................
.................................................
. LaTeX info: "xparse/define-command"
. 
. Defining document command \DeclareSIUnitWithOptions with arg. spec. 'mmm' on
. line 6973.
.................................................
.................................................
. LaTeX info: "xparse/define-command"
. 
. Defining document command \ang with arg. spec. 'o>{\SplitArgument {2}{;}}m'
. on line 6988.
.................................................
.................................................
. LaTeX info: "xparse/define-command"
. 
. Defining document command \num with arg. spec. 'om' on line 6996.
.................................................
.................................................
. LaTeX info: "xparse/define-command"
. 
. Defining document command \numlist with arg. spec. 'o>{\SplitList {;}}m' on
. line 7004.
.................................................
.................................................
. LaTeX info: "xparse/define-command"
. 
. Defining document command \numrange with arg. spec. 'omm' on line 7012.
.................................................
.................................................
. LaTeX info: "xparse/define-command"
. 
. Defining document command \SIlist with arg. spec. 'o>{\SplitList {;}}mm' on
. line 7023.
.................................................
.................................................
. LaTeX info: "xparse/define-command"
. 
. Defining document command \SIrange with arg. spec. 'ommm' on line 7034.
.................................................
.................................................
. LaTeX info: "xparse/define-command"
. 
. Defining document command \SI with arg. spec. 'omom' on line 7045.
.................................................
.................................................
. LaTeX info: "xparse/define-command"
. 
. Defining document command \sisetup with arg. spec. 'm' on line 7048.
.................................................
.................................................
. LaTeX info: "xparse/define-command"
. 
. Defining document command \tablenum with arg. spec. 'om' on line 7060.
.................................................
.................................................
. LaTeX info: "xparse/define-command"
. 
. Defining document command \si with arg. spec. 'om' on line 7071.
.................................................
.................................................
. LaTeX info: "xparse/define-command"
. 
. Defining document command \siunitx_bookmark_num:w with arg. spec. 'om' on
. line 7115.
.................................................
.................................................
. LaTeX info: "xparse/define-command"
. 
. Defining document command \siunitx_bookmark_numrange:w with arg. spec. 'omm'
. on line 7117.
.................................................
.................................................
. LaTeX info: "xparse/define-command"
. 
. Defining document command \siunitx_bookmark_SI:w with arg. spec. 'omom' on
. line 7119.
.................................................
.................................................
. LaTeX info: "xparse/define-command"
. 
. Defining document command \siunitx_bookmark_SIlist:w with arg. spec. 'omm'
. on line 7121.
.................................................
.................................................
. LaTeX info: "xparse/define-command"
. 
. Defining document command \siunitx_bookmark_SIrange:w with arg. spec. 'ommm'
. on line 7123.
.................................................
.................................................
. LaTeX info: "xparse/define-command"
. 
. Defining document command \siunitx_bookmark_si:w with arg. spec. 'om' on
. line 7124.
.................................................
\g_ior_internal_ior=\read2

(d:\CTEX\MiKTeX\tex\latex\beamer\base\translator\translator.sty
Package: translator 2010/06/12 ver 1.10

(d:\CTEX\MiKTeX\tex\latex\beamer\base\translator\translator-language-mappings.t
ex))) (d:\CTEX\MiKTeX\tex\latex\xcolor\xcolor.sty
Package: xcolor 2007/01/21 v2.11 LaTeX color extensions (UK)

(d:\CTEX\MiKTeX\tex\latex\00miktex\color.cfg
File: color.cfg 2007/01/18 v1.5 color configuration of teTeX/TeXLive
)
Package xcolor Info: Driver file: xetex.def on input line 225.
LaTeX Info: Redefining \color on input line 702.
Package xcolor Info: Model `cmy' substituted by `cmy0' on input line 1337.
Package xcolor Info: Model `RGB' extended on input line 1353.
Package xcolor Info: Model `HTML' substituted by `rgb' on input line 1355.
Package xcolor Info: Model `Hsb' substituted by `hsb' on input line 1356.
Package xcolor Info: Model `tHsb' substituted by `hsb' on input line 1357.
Package xcolor Info: Model `HSB' substituted by `hsb' on input line 1358.
Package xcolor Info: Model `Gray' substituted by `gray' on input line 1359.
Package xcolor Info: Model `wave' substituted by `hsb' on input line 1360.

(d:\CTEX\MiKTeX\tex\latex\xcolor\x11nam.def
File: x11nam.def 2007/01/21 v2.11 Predefined colors according to Unix/X11 (UK)
))
(d:\CTEX\MiKTeX\tex\latex\placeins\placeins.sty
Package: placeins 2005/04/18  v 2.2
)
(d:\CTEX\MiKTeX\tex\latex\rotating\rotating.sty
Package: rotating 2009/03/28 v2.16a rotated objects in LaTeX
\c@r@tfl@t=\count361
\rotFPtop=\skip106
\rotFPbot=\skip107
\rot@float@box=\box52
\rot@mess@toks=\toks47
)
(d:\CTEX\MiKTeX\tex\latex\subfigure\subfigure.sty
Package: subfigure 2002/07/30 v2.1.4 subfigure package
\subfigtopskip=\skip108
\subfigcapskip=\skip109
\subfigcaptopadj=\dimen269
\subfigbottomskip=\skip110
\subfigcapmargin=\dimen270
\subfiglabelskip=\skip111
\c@subfigure=\count362
\c@lofdepth=\count363
\c@subtable=\count364
\c@lotdepth=\count365

****************************************
* Local config file subfigure.cfg used *
****************************************
(d:\CTEX\MiKTeX\tex\latex\subfigure\subfigure.cfg)
\subfig@top=\skip112
\subfig@bottom=\skip113
)
(d:\CTEX\MiKTeX\tex\latex\ccaption\ccaption.sty
Package: ccaption 2011/08/07 v3.2c Extended captioning and new floats
\@contcwidth=\skip114
\@contindw=\skip115
\abovelegendskip=\skip116
\belowlegendskip=\skip117
\c@@contsubnum=\count366
\c@newflo@tctr=\count367
)
(d:\CTEX\MiKTeX\tex\latex\setspace\setspace.sty
Package: setspace 2011/12/19 v6.7a set line spacing
)
(d:\CTEX\MiKTeX\tex\latex\listings\listings.sty
\lst@mode=\count368
\lst@gtempboxa=\box53
\lst@token=\toks48
\lst@length=\count369
\lst@currlwidth=\dimen271
\lst@column=\count370
\lst@pos=\count371
\lst@lostspace=\dimen272
\lst@width=\dimen273
\lst@newlines=\count372
\lst@lineno=\count373
\lst@maxwidth=\dimen274

(d:\CTEX\MiKTeX\tex\latex\listings\lstmisc.sty
File: lstmisc.sty 2007/02/22 1.4 (Carsten Heinz)
\c@lstnumber=\count374
\lst@skipnumbers=\count375
\lst@framebox=\box54
)
(d:\CTEX\MiKTeX\tex\latex\listings\listings.cfg
File: listings.cfg 2007/02/22 1.4 listings configuration
))
Package: listings 2007/02/22 1.4 (Carsten Heinz)

(d:\CTEX\MiKTeX\tex\latex\listings\lstlang1.sty
File: lstlang1.sty 2004/09/05 1.3 listings language file
)
(d:\CTEX\MiKTeX\tex\latex\listings\lstlang2.sty
File: lstlang2.sty 2004/09/05 1.3 listings language file
)
(d:\CTEX\MiKTeX\tex\latex\listings\lstlang3.sty
File: lstlang3.sty 2004/09/05 1.3 listings language file
)
(d:\CTEX\MiKTeX\tex\latex\listings\lstlang1.sty
File: lstlang1.sty 2004/09/05 1.3 listings language file
)
(d:\CTEX\MiKTeX\tex\latex\listings\lstlang2.sty
File: lstlang2.sty 2004/09/05 1.3 listings language file
)
(d:\CTEX\MiKTeX\tex\latex\listings\lstlang3.sty
File: lstlang3.sty 2004/09/05 1.3 listings language file
)
(d:\CTEX\MiKTeX\tex\latex\listings\lstlang1.sty
File: lstlang1.sty 2004/09/05 1.3 listings language file
)
(d:\CTEX\MiKTeX\tex\latex\listings\lstlang2.sty
File: lstlang2.sty 2004/09/05 1.3 listings language file
)
(d:\CTEX\MiKTeX\tex\latex\listings\lstlang3.sty
File: lstlang3.sty 2004/09/05 1.3 listings language file
)
(d:\CTEX\MiKTeX\tex\latex\listings\lstmisc.sty
File: lstmisc.sty 2007/02/22 1.4 (Carsten Heinz)
)
(d:\CTEX\MiKTeX\tex\latex\tools\calc.sty
Package: calc 2007/08/22 v4.3 Infix arithmetic (KKT,FJ)
\calc@Acount=\count376
\calc@Bcount=\count377
\calc@Adimen=\dimen275
\calc@Bdimen=\dimen276
\calc@Askip=\skip118
\calc@Bskip=\skip119
LaTeX Info: Redefining \setlength on input line 76.
LaTeX Info: Redefining \addtolength on input line 77.
\calc@Ccount=\count378
\calc@Cskip=\skip120
)
(d:\CTEX\MiKTeX\tex\latex\hyperref\hyperref.sty
Package: hyperref 2012/02/06 v6.82o Hypertext links for LaTeX

(d:\CTEX\MiKTeX\tex\generic\oberdiek\hobsub-hyperref.sty
Package: hobsub-hyperref 2011/04/23 v1.4 Bundle oberdiek, subset hyperref (HO)

(d:\CTEX\MiKTeX\tex\generic\oberdiek\hobsub-generic.sty
Package: hobsub-generic 2011/04/23 v1.4 Bundle oberdiek, subset generic (HO)
Package: hobsub 2011/04/23 v1.4 Subsetting bundle oberdiek (HO)
Package: infwarerr 2010/04/08 v1.3 Providing info/warning/message (HO)
Package: ltxcmds 2011/04/18 v1.20 LaTeX kernel commands for general use (HO)
Package hobsub Info: Skipping package `ifluatex' (already loaded).
Package hobsub Info: Skipping package `ifvtex' (already loaded).
Package: intcalc 2007/09/27 v1.1 Expandable integer calculations (HO)
Package hobsub Info: Skipping package `ifpdf' (already loaded).
Package: etexcmds 2011/02/16 v1.5 Prefix for e-TeX command names (HO)
Package etexcmds Info: Could not find \expanded.
(etexcmds)             That can mean that you are not using pdfTeX 1.50 or
(etexcmds)             that some package has redefined \expanded.
(etexcmds)             In the latter case, load this package earlier.
Package: kvsetkeys 2011/04/07 v1.13 Key value parser (HO)
Package: kvdefinekeys 2011/04/07 v1.3 Defining keys (HO)
Package: pdftexcmds 2011/04/22 v0.16 Utilities of pdfTeX for LuaTeX (HO)
Package pdftexcmds Info: LuaTeX not detected.
Package pdftexcmds Info: pdfTeX >= 1.30 not detected.
Package pdftexcmds Info: \pdf@primitive is available.
Package pdftexcmds Info: \pdf@ifprimitive is available.
Package pdftexcmds Info: \pdfdraftmode not found.
Package: pdfescape 2011/04/04 v1.12 Provides string conversions (HO)
Package: bigintcalc 2011/01/30 v1.2 Expandable big integer calculations (HO)
Package: bitset 2011/01/30 v1.1 Data type bit set (HO)
Package: uniquecounter 2011/01/30 v1.2 Provides unlimited unique counter (HO)
)
Package hobsub Info: Skipping package `hobsub' (already loaded).
Package: letltxmacro 2010/09/02 v1.4 Let assignment for LaTeX macros (HO)
Package: hopatch 2011/01/30 v1.0 Wrapper for package hooks (HO)
Package: xcolor-patch 2011/01/30 xcolor patch
Package: atveryend 2011/04/23 v1.7 Hooks at very end of document (HO)
Package: atbegshi 2011/01/30 v1.15 At begin shipout hook (HO)
Package: refcount 2010/12/01 v3.2 Data extraction from references (HO)
Package: hycolor 2011/01/30 v1.7 Color options of hyperref/bookmark (HO)
)
(d:\CTEX\MiKTeX\tex\latex\oberdiek\kvoptions.sty
Package: kvoptions 2010/12/23 v3.10 Keyval support for LaTeX options (HO)
)
\@linkdim=\dimen277
\Hy@linkcounter=\count379
\Hy@pagecounter=\count380

(d:\CTEX\MiKTeX\tex\latex\hyperref\pd1enc.def
File: pd1enc.def 2012/02/06 v6.82o Hyperref: PDFDocEncoding definition (HO)
)
\Hy@SavedSpaceFactor=\count381

(d:\CTEX\MiKTeX\tex\latex\00miktex\hyperref.cfg
File: hyperref.cfg 2002/06/06 v1.2 hyperref configuration of TeXLive
)
Package hyperref Info: Option `bookmarksnumbered' set `true' on input line 3925
.
Package hyperref Info: Option `bookmarksopen' set `true' on input line 3925.
Package hyperref Info: Option `colorlinks' set `true' on input line 3925.
Package hyperref Info: Option `breaklinks' set `true' on input line 3925.
Package hyperref Info: Option `CJKbookmarks' set `true' on input line 3925.
Package hyperref Info: Hyper figures OFF on input line 4046.
Package hyperref Info: Link nesting OFF on input line 4051.
Package hyperref Info: Hyper index ON on input line 4054.
Package hyperref Info: Plain pages OFF on input line 4061.
Package hyperref Info: Backreferencing OFF on input line 4066.
Package hyperref Info: Implicit mode ON; LaTeX internals redefined.
Package hyperref Info: Bookmarks ON on input line 4284.
\c@Hy@tempcnt=\count382

(d:\CTEX\MiKTeX\tex\xelatex\xetexurl\url.sty
\Urlmuskip=\muskip11
Package: url 2004/03/15  ver 3.1  Verb mode for urls, etc.
)
LaTeX Info: Redefining \url on input line 4637.
\Fld@menulength=\count383
\Field@Width=\dimen278
\Fld@charsize=\dimen279
Package hyperref Info: Hyper figures OFF on input line 5757.
Package hyperref Info: Link nesting OFF on input line 5762.
Package hyperref Info: Hyper index ON on input line 5765.
Package hyperref Info: backreferencing OFF on input line 5772.
Package hyperref Info: Link coloring ON on input line 5775.
Package hyperref Info: Link coloring with OCG OFF on input line 5782.
Package hyperref Info: PDF/A mode OFF on input line 5787.
LaTeX Info: Redefining \ref on input line 5827.
LaTeX Info: Redefining \pageref on input line 5831.
\Hy@abspage=\count384
\c@Item=\count385
\c@Hfootnote=\count386
)

Package hyperref Message: Driver: hxetex.

(d:\CTEX\MiKTeX\tex\latex\hyperref\hxetex.def
File: hxetex.def 2012/02/06 v6.82o Hyperref driver for XeTeX

(d:\CTEX\MiKTeX\tex\latex\hyperref\puenc.def
File: puenc.def 2012/02/06 v6.82o Hyperref: PDF Unicode definition (HO)
)
(d:\CTEX\MiKTeX\tex\generic\oberdiek\stringenc.sty
Package: stringenc 2010/03/01 v1.8 Converts strings between encodings (HO)
)
\pdfm@box=\box55
\c@Hy@AnnotLevel=\count387
\HyField@AnnotCount=\count388
\Fld@listcount=\count389
\c@bookmark@seq@number=\count390

(d:\CTEX\MiKTeX\tex\latex\oberdiek\rerunfilecheck.sty
Package: rerunfilecheck 2011/04/15 v1.7 Rerun checks for auxiliary files (HO)
Package rerunfilecheck Info: Feature \pdfmdfivesum is not available
(rerunfilecheck)             (e.g. pdfTeX or LuaTeX with package `pdftexcmds').

(rerunfilecheck)             Therefore file contents cannot be checked efficien
tly
(rerunfilecheck)             and the loading of the package is aborted.
)
\Hy@SectionHShift=\skip121
)
(d:\CTEX\MiKTeX\tex\latex\natbib\natbib.sty
Package: natbib 2010/09/13 8.31b (PWD, AO)
\bibhang=\skip122
\bibsep=\skip123
LaTeX Info: Redefining \cite on input line 694.
\c@NAT@ctr=\count391
)
(d:\CTEX\CTeX\tex\latex\hypernat\hypernat.sty
Invalid UTF-8 byte or sequence at line 22 replaced by U+FFFD.
Invalid UTF-8 byte or sequence at line 24 replaced by U+FFFD.
Package: hypernat 2001/07/09 v1.0b hyperref and natbib compatibility (jb)
)
(d:\CTEX\MiKTeX\tex\latex\natbib\bibentry.sty
Package: bibentry 2007/10/30 1.5 (PWD)
))
(C:\Users\fanjiaqing\Desktop\nuist_latex_v0_package\nuist_latex_v0\setup/format
.tex
\mymargin=\skip124
\myshift=\skip125
\c@currdefinitionctr=\count392
\c@enddefinitionctr=\count393
\c@definition=\count394
\c@currexamplectr=\count395
\c@endexamplectr=\count396
\c@example=\count397
\c@curralgorithmctr=\count398
\c@endalgorithmctr=\count399
\c@algorithm=\count400
\c@currtheoremctr=\count401
\c@endtheoremctr=\count402
\c@theorem=\count403
\c@curraxiomctr=\count404
\c@endaxiomctr=\count405
\c@axiom=\count406
\c@currpropositionctr=\count407
\c@endpropositionctr=\count408
\c@currpropertyctr=\count409
\c@endpropertyctr=\count410
\c@property=\count411
\c@currlemmactr=\count412
\c@endlemmactr=\count413
\c@currcorollaryctr=\count414
\c@endcorollaryctr=\count415
\c@corollary=\count416
\c@currremarkctr=\count417
\c@endremarkctr=\count418
\c@remark=\count419
\AphorismAuthor=\box56
)
(C:\Users\fanjiaqing\Desktop\nuist_latex_v0_package\nuist_latex_v0\main.aux
(C:\Users\fanjiaqing\Desktop\nuist_latex_v0_package\nuist_latex_v0\body/chap00.
aux)
(C:\Users\fanjiaqing\Desktop\nuist_latex_v0_package\nuist_latex_v0\body/chap01.
aux)
(C:\Users\fanjiaqing\Desktop\nuist_latex_v0_package\nuist_latex_v0\body/chap02.
aux)
(C:\Users\fanjiaqing\Desktop\nuist_latex_v0_package\nuist_latex_v0\body/chap03.
aux)
(C:\Users\fanjiaqing\Desktop\nuist_latex_v0_package\nuist_latex_v0\body/conclus
ion.aux)
(C:\Users\fanjiaqing\Desktop\nuist_latex_v0_package\nuist_latex_v0\appendix/pub
lications.aux)
(C:\Users\fanjiaqing\Desktop\nuist_latex_v0_package\nuist_latex_v0\appendix/ack
nowledgements.aux))
LaTeX Font Info:    Checking defaults for OML/cmm/m/it on input line 22.
LaTeX Font Info:    ... okay on input line 22.
LaTeX Font Info:    Checking defaults for T1/cmr/m/n on input line 22.
LaTeX Font Info:    ... okay on input line 22.
LaTeX Font Info:    Checking defaults for OT1/cmr/m/n on input line 22.
LaTeX Font Info:    ... okay on input line 22.
LaTeX Font Info:    Checking defaults for OMS/cmsy/m/n on input line 22.
LaTeX Font Info:    ... okay on input line 22.
LaTeX Font Info:    Checking defaults for OMX/cmex/m/n on input line 22.
LaTeX Font Info:    ... okay on input line 22.
LaTeX Font Info:    Checking defaults for U/cmr/m/n on input line 22.
LaTeX Font Info:    ... okay on input line 22.
LaTeX Font Info:    Checking defaults for EU1/lmr/m/n on input line 22.
LaTeX Font Info:    ... okay on input line 22.
LaTeX Font Info:    Checking defaults for T3/cmr/m/n on input line 22.
LaTeX Font Info:    Try loading font information for T3+cmr on input line 22.
 (d:\CTEX\MiKTeX\tex\latex\tipa\t3cmr.fd
File: t3cmr.fd 2001/12/31 TIPA font definitions
)
LaTeX Font Info:    ... okay on input line 22.
LaTeX Font Info:    Checking defaults for PD1/pdf/m/n on input line 22.
LaTeX Font Info:    ... okay on input line 22.
LaTeX Font Info:    Checking defaults for PU/pdf/m/n on input line 22.
LaTeX Font Info:    ... okay on input line 22.
Requested font "Times New Roman/ICU:script=latn;language=DFLT;mapping=tex-text;
" at 12.0pt
 -> C:/windows/Fonts/times.ttf
.................................................
. fontspec info: "setup-math"
. 
. Adjusting the maths setup (use [no-math] to avoid this).
.................................................
\symlegacymaths=\mathgroup6
LaTeX Font Info:    Overwriting symbol font `legacymaths' in version `bold'
(Font)                  OT1/cmr/m/n --> OT1/cmr/bx/n on input line 22.
LaTeX Font Info:    Redeclaring math accent \acute on input line 22.
LaTeX Font Info:    Redeclaring math accent \grave on input line 22.
LaTeX Font Info:    Redeclaring math accent \ddot on input line 22.
LaTeX Font Info:    Redeclaring math accent \tilde on input line 22.
LaTeX Font Info:    Redeclaring math accent \bar on input line 22.
LaTeX Font Info:    Redeclaring math accent \breve on input line 22.
LaTeX Font Info:    Redeclaring math accent \check on input line 22.
LaTeX Font Info:    Redeclaring math accent \hat on input line 22.
LaTeX Font Info:    Redeclaring math accent \dot on input line 22.
LaTeX Font Info:    Redeclaring math accent \mathring on input line 22.
LaTeX Font Info:    Redeclaring math symbol \Gamma on input line 22.
LaTeX Font Info:    Redeclaring math symbol \Delta on input line 22.
LaTeX Font Info:    Redeclaring math symbol \Theta on input line 22.
LaTeX Font Info:    Redeclaring math symbol \Lambda on input line 22.
LaTeX Font Info:    Redeclaring math symbol \Xi on input line 22.
LaTeX Font Info:    Redeclaring math symbol \Pi on input line 22.
LaTeX Font Info:    Redeclaring math symbol \Sigma on input line 22.
LaTeX Font Info:    Redeclaring math symbol \Upsilon on input line 22.
LaTeX Font Info:    Redeclaring math symbol \Phi on input line 22.
LaTeX Font Info:    Redeclaring math symbol \Psi on input line 22.
LaTeX Font Info:    Redeclaring math symbol \Omega on input line 22.
LaTeX Font Info:    Redeclaring math symbol \mathdollar on input line 22.
LaTeX Font Info:    Redeclaring symbol font `operators' on input line 22.
LaTeX Font Info:    Encoding `OT1' has changed to `EU1' for symbol font
(Font)              `operators' in the math version `normal' on input line 22.
LaTeX Font Info:    Overwriting symbol font `operators' in version `normal'
(Font)                  OT1/cmr/m/n --> EU1/TimesNewRoman(0)/m/n on input line 
22.
LaTeX Font Info:    Encoding `OT1' has changed to `EU1' for symbol font
(Font)              `operators' in the math version `bold' on input line 22.
LaTeX Font Info:    Overwriting symbol font `operators' in version `bold'
(Font)                  OT1/cmr/bx/n --> EU1/TimesNewRoman(0)/m/n on input line
 22.
LaTeX Font Info:    Overwriting symbol font `operators' in version `normal'
(Font)                  EU1/TimesNewRoman(0)/m/n --> EU1/TimesNewRoman(0)/m/n o
n input line 22.
LaTeX Font Info:    Overwriting math alphabet `\mathrm' in version `normal'
(Font)                  EU1/TimesNewRoman(0)/m/n --> EU1/TimesNewRoman(0)/m/n o
n input line 22.
LaTeX Font Info:    Overwriting math alphabet `\mathit' in version `normal'
(Font)                  OT1/cmr/m/it --> EU1/TimesNewRoman(0)/m/it on input lin
e 22.
LaTeX Font Info:    Overwriting math alphabet `\mathbf' in version `normal'
(Font)                  OT1/cmr/bx/n --> EU1/TimesNewRoman(0)/bx/n on input lin
e 22.
LaTeX Font Info:    Overwriting math alphabet `\mathsf' in version `normal'
(Font)                  OT1/cmss/m/n --> EU1/Arial(0)/m/n on input line 22.
LaTeX Font Info:    Overwriting math alphabet `\mathtt' in version `normal'
(Font)                  OT1/cmtt/m/n --> EU1/Consolas(0)/m/n on input line 22.
LaTeX Font Info:    Overwriting symbol font `operators' in version `bold'
(Font)                  EU1/TimesNewRoman(0)/m/n --> EU1/TimesNewRoman(0)/bx/n 
on input line 22.
LaTeX Font Info:    Overwriting math alphabet `\mathrm' in version `bold'
(Font)                  EU1/TimesNewRoman(0)/m/n --> EU1/TimesNewRoman(0)/bx/n 
on input line 22.
LaTeX Font Info:    Overwriting math alphabet `\mathit' in version `bold'
(Font)                  OT1/cmr/bx/it --> EU1/TimesNewRoman(0)/bx/it on input l
ine 22.
LaTeX Font Info:    Overwriting math alphabet `\mathsf' in version `bold'
(Font)                  OT1/cmss/bx/n --> EU1/Arial(0)/bx/n on input line 22.
LaTeX Font Info:    Overwriting math alphabet `\mathtt' in version `bold'
(Font)                  OT1/cmtt/m/n --> EU1/Consolas(0)/bx/n on input line 22.


*geometry* detected driver: pdftex
*geometry* verbose mode - [ preamble ] result:
* driver: pdftex
* paper: a4paper
* layout: <same size as paper>
* layoutoffset:(h,v)=(0.0pt,0.0pt)
* modes: twoside 
* h-part:(L,W,R)=(55.76733pt, 458.08954pt, 83.651pt)
* v-part:(T,H,B)=(85.35828pt, 631.6511pt, 128.03748pt)
* \paperwidth=597.50787pt
* \paperheight=845.04675pt
* \textwidth=458.08954pt
* \textheight=631.6511pt
* \oddsidemargin=7.39781pt
* \evensidemargin=-12.51945pt
* \topmargin=-1.42271pt
* \headheight=14.22636pt
* \headsep=25.6073pt
* \topskip=12.0pt
* \footskip=41.82558pt
* \marginparwidth=88.0pt
* \marginparsep=7.0pt
* \columnsep=10.0pt
* \skip\footins=10.8pt plus 4.0pt minus 2.0pt
* \hoffset=0.0pt
* \voffset=0.0pt
* \mag=1000
* \@twocolumnfalse
* \@twosidetrue
* \@mparswitchtrue
* \@reversemarginfalse
* (1in=72.27pt=25.4mm, 1cm=28.453pt)


Package layouts Warning: Layout scale set to 0.5 on input line 22.


(d:\CTEX\MiKTeX\tex\latex\beamer\base\translator\dicts\translator-basic-diction
ary\translator-basic-dictionary-English.dict
Dictionary: translator-basic-dictionary, Language: English 
)
(d:\CTEX\MiKTeX\tex\latex\siunitx\config\siunitx-abbreviations.cfg
File: siunitx-abbreviations.cfg 2012/01/26 v2.4j siunitx: Abbreviated units
)
(d:\CTEX\MiKTeX\tex\latex\siunitx\config\siunitx-binary.cfg
File: siunitx-binary.cfg 2012/01/26 v2.4j siunitx: Binary units
)
\c@lstlisting=\count420
\AtBeginShipoutBox=\box57


Package hyperref Warning: Height of page (\stockheight) is invalid (0.0pt),
(hyperref)                using 11in.

Package hyperref Info: Link coloring ON on input line 22.
(d:\CTEX\MiKTeX\tex\latex\hyperref\nameref.sty
Package: nameref 2010/04/30 v2.40 Cross-referencing by name of section

(d:\CTEX\MiKTeX\tex\generic\oberdiek\gettitlestring.sty
Package: gettitlestring 2010/12/03 v1.4 Cleanup title references (HO)
)
\c@section@level=\count421
)
LaTeX Info: Redefining \ref on input line 22.
LaTeX Info: Redefining \pageref on input line 22.
LaTeX Info: Redefining \nameref on input line 22.

(C:\Users\fanjiaqing\Desktop\nuist_latex_v0_package\nuist_latex_v0\main.out)
(C:\Users\fanjiaqing\Desktop\nuist_latex_v0_package\nuist_latex_v0\main.out)
\@outlinefile=\write4
\c_siunitx_mathsf_int=\count422
Requested font "Times New Roman/ICU:script=latn;language=DFLT;mapping=tex-text;
" at 8.0pt
 -> C:/windows/Fonts/times.ttf
Requested font "Times New Roman/ICU:script=latn;language=DFLT;mapping=tex-text;
" at 6.0pt
 -> C:/windows/Fonts/times.ttf
Requested font "cmmi12" at 12.0pt
 -> cmmi12
Requested font "cmmi8" at 8.0pt
 -> cmmi8
Requested font "cmmi6" at 6.0pt
 -> cmmi6
Requested font "cmsy10" at 12.0pt
 -> cmsy10
Requested font "cmsy8" at 8.0pt
 -> cmsy8
Requested font "cmsy6" at 6.0pt
 -> cmsy6
Requested font "cmex10" at 12.0pt
 -> cmex10
Requested font "cmex10" at 8.0pt
 -> cmex10
Requested font "cmex10" at 6.0pt
 -> cmex10
Requested font "msam10" at 12.0pt
 -> msam10
Requested font "msam7" at 8.0pt
 -> msam7
Requested font "msam5" at 6.0pt
 -> msam5
Requested font "msbm10" at 12.0pt
 -> msbm10
Requested font "msbm7" at 8.0pt
 -> msbm7
Requested font "msbm5" at 6.0pt
 -> msbm5
Requested font "cmr8" at 8.0pt
 -> cmr8
Requested font "cmr6" at 6.0pt
 -> cmr6
Requested font "Arial/ICU:script=latn;language=DFLT;mapping=tex-text;" at 12.0p
t
 -> C:/windows/Fonts/arial.ttf
Requested font "Arial/ICU:script=latn;language=DFLT;mapping=tex-text;" at 8.0pt
 -> C:/windows/Fonts/arial.ttf
Requested font "Arial/ICU:script=latn;language=DFLT;mapping=tex-text;" at 6.0pt
 -> C:/windows/Fonts/arial.ttf
\c_siunitx_mathtt_int=\count423
Requested font "Consolas/ICU:script=latn;language=DFLT;" at 12.0pt
 -> C:/windows/Fonts/consola.ttf
Requested font "Consolas/ICU:script=latn;language=DFLT;" at 8.0pt
 -> C:/windows/Fonts/consola.ttf
Requested font "Consolas/ICU:script=latn;language=DFLT;" at 6.0pt
 -> C:/windows/Fonts/consola.ttf

(C:\Users\fanjiaqing\Desktop\nuist_latex_v0_package\nuist_latex_v0\preface/cove
r.tex
Requested font "Adobe Song Std" at 12.0pt
 -> C:/windows/Fonts/AdobeSongStd-Light.otf
Requested font "Adobe Song Std/ICU" at 12.0pt
 -> C:/windows/Fonts/AdobeSongStd-Light.otf
\g_fontspec_family_Adobe Song Std_int=\count424
Requested font "Adobe Song Std/ICU" at 12.0pt
 -> C:/windows/Fonts/AdobeSongStd-Light.otf
Requested font "Adobe Heiti Std/ICU" at 12.0pt
 -> C:/windows/Fonts/AdobeHeitiStd-Regular.otf
Requested font "Adobe Kaiti Std/ICU" at 12.0pt
 -> C:/windows/Fonts/AdobeKaitiStd-Regular (v5.010).otf
Requested font "Adobe Heiti Std/ICU" at 12.0pt
 -> C:/windows/Fonts/AdobeHeitiStd-Regular.otf
Requested font "Adobe Heiti Std/I/ICU" at 12.0pt
 -> C:/windows/Fonts/AdobeHeitiStd-Regular.otf
.................................................
. fontspec info: "no-font-shape"
. 
. Could not resolve font Adobe Heiti Std/I (it probably doesn't exist).
.................................................
.................................................
. fontspec info: "defining-font"
. 
. Font family 'AdobeSongStd(0)' created for font 'Adobe Song Std' with options
. [BoldFont={Adobe Heiti Std},ItalicFont={Adobe Kaiti Std}].
. 
. This font family consists of the following shapes:
. 
. * 'normal' with NFSS spec.:
. <->"Adobe Song Std/ICU:script=latn;language=DFLT;"
. 
. * 'bold' with NFSS spec.:
. <->"Adobe Heiti Std/ICU:script=latn;language=DFLT;"
. 
. * 'italic' with NFSS spec.:
. <->"Adobe Kaiti Std/ICU:script=latn;language=DFLT;"
.................................................
Requested font "Adobe Song Std/ICU:script=latn;language=DFLT;" at 12.0pt
 -> C:/windows/Fonts/AdobeSongStd-Light.otf
Requested font "Adobe Song Std/ICU:script=latn;language=DFLT;" at 12.0pt
 -> C:/windows/Fonts/AdobeSongStd-Light.otf
File: logo.pdf Graphic file (type QTm)
 <use  "logo.pdf" >
Requested font "Times New Roman/ICU:script=latn;language=DFLT;mapping=tex-text;
" at 24.0pt
 -> C:/windows/Fonts/times.ttf
Requested font "Times New Roman/B/ICU:script=latn;language=DFLT;mapping=tex-tex
t;" at 24.0pt
 -> C:/windows/Fonts/timesbd.ttf
Requested font "Times New Roman/ICU:script=latn;language=DFLT;mapping=tex-text;
" at 18.0pt
 -> C:/windows/Fonts/times.ttf
Requested font "Arial/ICU:script=latn;language=DFLT;mapping=tex-text;" at 18.0p
t
 -> C:/windows/Fonts/arial.ttf
Requested font "Arial/B/ICU:script=latn;language=DFLT;mapping=tex-text;" at 18.
0pt
 -> C:/windows/Fonts/arialbd.ttf
Requested font "Adobe Heiti Std" at 18.0pt
 -> C:/windows/Fonts/AdobeHeitiStd-Regular.otf
Requested font "Adobe Heiti Std/ICU" at 18.0pt
 -> C:/windows/Fonts/AdobeHeitiStd-Regular.otf
\g_fontspec_family_Adobe Heiti Std_int=\count425
Requested font "Adobe Heiti Std/ICU" at 18.0pt
 -> C:/windows/Fonts/AdobeHeitiStd-Regular.otf
Requested font "Adobe Heiti Std/ICU" at 18.0pt
 -> C:/windows/Fonts/AdobeHeitiStd-Regular.otf
Requested font "Adobe Heiti Std/ICU" at 18.0pt
 -> C:/windows/Fonts/AdobeHeitiStd-Regular.otf
Requested font "Adobe Heiti Std/I/ICU" at 18.0pt
 -> C:/windows/Fonts/AdobeHeitiStd-Regular.otf
.................................................
. fontspec info: "no-font-shape"
. 
. Could not resolve font Adobe Heiti Std/I (it probably doesn't exist).
.................................................
Requested font "Adobe Heiti Std/ICU" at 18.0pt
 -> C:/windows/Fonts/AdobeHeitiStd-Regular.otf
Requested font "Adobe Heiti Std/I/ICU" at 18.0pt
 -> C:/windows/Fonts/AdobeHeitiStd-Regular.otf
.................................................
. fontspec info: "no-font-shape"
. 
. Could not resolve font Adobe Heiti Std/I (it probably doesn't exist).
.................................................
.................................................
. fontspec info: "defining-font"
. 
. Font family 'AdobeHeitiStd(0)' created for font 'Adobe Heiti Std' with
. options [BoldFont={Adobe Heiti Std},BoldFeatures={RawFeature={embolden=4}}].
. 
. This font family consists of the following shapes:
. 
. * 'normal' with NFSS spec.:
. <->"Adobe Heiti Std/ICU:script=latn;language=DFLT;"
. 
. * 'bold' with NFSS spec.:
. <->"Adobe Heiti Std/ICU:script=latn;language=DFLT;embolden=4;"
.................................................
Requested font "Adobe Heiti Std/ICU:script=latn;language=DFLT;embolden=4;" at 1
8.0pt
 -> C:/windows/Fonts/AdobeHeitiStd-Regular.otf
Requested font "Adobe Heiti Std/ICU:script=latn;language=DFLT;embolden=4;" at 1
8.0pt
 -> C:/windows/Fonts/AdobeHeitiStd-Regular.otf
Requested font "Times New Roman/ICU:script=latn;language=DFLT;mapping=tex-text;
" at 16.0pt
 -> C:/windows/Fonts/times.ttf
Requested font "Times New Roman/B/ICU:script=latn;language=DFLT;mapping=tex-tex
t;" at 16.0pt
 -> C:/windows/Fonts/timesbd.ttf
Requested font "Times New Roman/ICU:script=latn;language=DFLT;mapping=tex-text;
" at 15.0pt
 -> C:/windows/Fonts/times.ttf
LaTeX Font Info:    Calculating math sizes for size <15> on input line 71.
Requested font "Times New Roman/ICU:script=latn;language=DFLT;mapping=tex-text;
" at 10.49995pt
 -> C:/windows/Fonts/times.ttf
Requested font "Times New Roman/ICU:script=latn;language=DFLT;mapping=tex-text;
" at 7.5pt
 -> C:/windows/Fonts/times.ttf
Requested font "cmmi12" at 15.0pt
 -> cmmi12
Requested font "cmmi10" at 10.49995pt
 -> cmmi10
Requested font "cmmi7" at 7.5pt
 -> cmmi7
Requested font "cmsy10" at 15.0pt
 -> cmsy10
Requested font "cmsy10" at 10.49995pt
 -> cmsy10
Requested font "cmsy7" at 7.5pt
 -> cmsy7
Requested font "cmex10" at 15.0pt
 -> cmex10
Requested font "cmex10" at 10.49995pt
 -> cmex10
Requested font "cmex10" at 7.5pt
 -> cmex10
Requested font "Arial/ICU:script=latn;language=DFLT;mapping=tex-text;" at 15.0p
t
 -> C:/windows/Fonts/arial.ttf
Requested font "Arial/ICU:script=latn;language=DFLT;mapping=tex-text;" at 10.49
995pt
 -> C:/windows/Fonts/arial.ttf
Requested font "Arial/ICU:script=latn;language=DFLT;mapping=tex-text;" at 7.5pt
 -> C:/windows/Fonts/arial.ttf
Requested font "Consolas/ICU:script=latn;language=DFLT;" at 15.0pt
 -> C:/windows/Fonts/consola.ttf
Requested font "Consolas/ICU:script=latn;language=DFLT;" at 10.49995pt
 -> C:/windows/Fonts/consola.ttf
Requested font "Consolas/ICU:script=latn;language=DFLT;" at 7.5pt
 -> C:/windows/Fonts/consola.ttf
Requested font "msam10" at 15.0pt
 -> msam10
Requested font "msam10" at 10.49995pt
 -> msam10
Requested font "msam7" at 7.5pt
 -> msam7
Requested font "msbm10" at 15.0pt
 -> msbm10
Requested font "msbm10" at 10.49995pt
 -> msbm10
Requested font "msbm7" at 7.5pt
 -> msbm7
Requested font "cmr12" at 15.0pt
 -> cmr12
Requested font "cmr10" at 10.49995pt
 -> cmr10
Requested font "cmr7" at 7.5pt
 -> cmr7
Requested font "Adobe Song Std" at 15.0pt
 -> C:/windows/Fonts/AdobeSongStd-Light.otf
Requested font "Adobe Song Std/ICU" at 15.0pt
 -> C:/windows/Fonts/AdobeSongStd-Light.otf
Requested font "Adobe Song Std/ICU" at 15.0pt
 -> C:/windows/Fonts/AdobeSongStd-Light.otf
Requested font "Adobe Song Std/ICU" at 15.0pt
 -> C:/windows/Fonts/AdobeSongStd-Light.otf
Requested font "Adobe Song Std/ICU" at 15.0pt
 -> C:/windows/Fonts/AdobeSongStd-Light.otf
Requested font "Adobe Song Std/I/ICU" at 15.0pt
 -> C:/windows/Fonts/AdobeSongStd-Light.otf
.................................................
. fontspec info: "no-font-shape"
. 
. Could not resolve font Adobe Song Std/I (it probably doesn't exist).
.................................................
Requested font "Adobe Song Std/ICU" at 15.0pt
 -> C:/windows/Fonts/AdobeSongStd-Light.otf
Requested font "Adobe Song Std/I/ICU" at 15.0pt
 -> C:/windows/Fonts/AdobeSongStd-Light.otf
.................................................
. fontspec info: "no-font-shape"
. 
. Could not resolve font Adobe Song Std/I (it probably doesn't exist).
.................................................
.................................................
. fontspec info: "defining-font"
. 
. Font family 'AdobeSongStd(1)' created for font 'Adobe Song Std' with options
. [BoldFont={Adobe Song Std},BoldFeatures={RawFeature={embolden=4}}].
. 
. This font family consists of the following shapes:
. 
. * 'normal' with NFSS spec.:
. <->"Adobe Song Std/ICU:script=latn;language=DFLT;"
. 
. * 'bold' with NFSS spec.:
. <->"Adobe Song Std/ICU:script=latn;language=DFLT;embolden=4;"
.................................................
Requested font "Adobe Song Std/ICU:script=latn;language=DFLT;" at 15.0pt
 -> C:/windows/Fonts/AdobeSongStd-Light.otf
Requested font "Adobe Song Std/ICU:script=latn;language=DFLT;" at 15.0pt
 -> C:/windows/Fonts/AdobeSongStd-Light.otf
Requested font "Times New Roman/B/ICU:script=latn;language=DFLT;mapping=tex-tex
t;" at 18.0pt
 -> C:/windows/Fonts/timesbd.ttf
Requested font "Adobe Song Std" at 18.0pt
 -> C:/windows/Fonts/AdobeSongStd-Light.otf
Requested font "Adobe Song Std/ICU" at 18.0pt
 -> C:/windows/Fonts/AdobeSongStd-Light.otf
.................................................
. fontspec info: "defining-font"
. 
. Font family 'AdobeSongStd(1)' created for font 'Adobe Song Std' with options
. [BoldFont={Adobe Song Std},BoldFeatures={RawFeature={embolden=4}}].
. 
. This font family consists of the following shapes:
.................................................
Requested font "Adobe Song Std/ICU:script=latn;language=DFLT;embolden=4;" at 18
.0pt
 -> C:/windows/Fonts/AdobeSongStd-Light.otf
Requested font "Adobe Song Std/ICU:script=latn;language=DFLT;embolden=4;" at 18
.0pt
 -> C:/windows/Fonts/AdobeSongStd-Light.otf

(d:\CTEX\MiKTeX\tex\generic\oberdiek\se-ascii-print.def
File: se-ascii-print.def 2010/03/01 v1.8 stringenc: Printable ASCII characters
) [1



])
Requested font "Times New Roman/ICU:script=latn;language=DFLT;mapping=tex-text;
" at 14.0pt
 -> C:/windows/Fonts/times.ttf
Requested font "Adobe Fangsong Std" at 14.0pt
 -> C:/windows/Fonts/AdobeFangsongStd-Regular (v5.010).otf
Requested font "Adobe Fangsong Std/ICU" at 14.0pt
 -> C:/windows/Fonts/AdobeFangsongStd-Regular (v5.010).otf
\g_fontspec_family_Adobe Fangsong Std_int=\count426
Requested font "Adobe Fangsong Std/ICU" at 14.0pt
 -> C:/windows/Fonts/AdobeFangsongStd-Regular (v5.010).otf
Requested font "Adobe Fangsong Std/ICU" at 14.0pt
 -> C:/windows/Fonts/AdobeFangsongStd-Regular (v5.010).otf
Requested font "Adobe Fangsong Std/ICU" at 14.0pt
 -> C:/windows/Fonts/AdobeFangsongStd-Regular (v5.010).otf
Requested font "Adobe Fangsong Std/I/ICU" at 14.0pt
 -> C:/windows/Fonts/AdobeFangsongStd-Regular (v5.010).otf
.................................................
. fontspec info: "no-font-shape"
. 
. Could not resolve font Adobe Fangsong Std/I (it probably doesn't exist).
.................................................
Requested font "Adobe Fangsong Std/ICU" at 14.0pt
 -> C:/windows/Fonts/AdobeFangsongStd-Regular (v5.010).otf
Requested font "Adobe Fangsong Std/I/ICU" at 14.0pt
 -> C:/windows/Fonts/AdobeFangsongStd-Regular (v5.010).otf
.................................................
. fontspec info: "no-font-shape"
. 
. Could not resolve font Adobe Fangsong Std/I (it probably doesn't exist).
.................................................
.................................................
. fontspec info: "defining-font"
. 
. Font family 'AdobeFangsongStd(0)' created for font 'Adobe Fangsong Std' with
. options [BoldFont={Adobe Fangsong
. Std},BoldFeatures={RawFeature={embolden=4}}].
. 
. This font family consists of the following shapes:
. 
. * 'normal' with NFSS spec.:
. <->"Adobe Fangsong Std/ICU:script=latn;language=DFLT;"
. 
. * 'bold' with NFSS spec.:
. <->"Adobe Fangsong Std/ICU:script=latn;language=DFLT;embolden=4;"
.................................................
Requested font "Adobe Fangsong Std/ICU:script=latn;language=DFLT;" at 14.0pt
 -> C:/windows/Fonts/AdobeFangsongStd-Regular (v5.010).otf
Requested font "Adobe Fangsong Std/ICU:script=latn;language=DFLT;" at 14.0pt
 -> C:/windows/Fonts/AdobeFangsongStd-Regular (v5.010).otf
LaTeX Font Info:    Calculating math sizes for size <14> on input line 31.
Requested font "Times New Roman/ICU:script=latn;language=DFLT;mapping=tex-text;
" at 9.79996pt
 -> C:/windows/Fonts/times.ttf
Requested font "Times New Roman/ICU:script=latn;language=DFLT;mapping=tex-text;
" at 7.0pt
 -> C:/windows/Fonts/times.ttf
Requested font "cmmi12" at 14.0pt
 -> cmmi12
Requested font "cmmi9" at 9.79996pt
 -> cmmi9
Requested font "cmsy10" at 14.0pt
 -> cmsy10
Requested font "cmsy9" at 9.79996pt
 -> cmsy9
Requested font "cmex10" at 14.0pt
 -> cmex10
Requested font "cmex10" at 9.79996pt
 -> cmex10
Requested font "cmex10" at 7.0pt
 -> cmex10
Requested font "Arial/ICU:script=latn;language=DFLT;mapping=tex-text;" at 14.0p
t
 -> C:/windows/Fonts/arial.ttf
Requested font "Arial/ICU:script=latn;language=DFLT;mapping=tex-text;" at 9.799
96pt
 -> C:/windows/Fonts/arial.ttf
Requested font "Arial/ICU:script=latn;language=DFLT;mapping=tex-text;" at 7.0pt
 -> C:/windows/Fonts/arial.ttf
Requested font "Consolas/ICU:script=latn;language=DFLT;" at 14.0pt
 -> C:/windows/Fonts/consola.ttf
Requested font "Consolas/ICU:script=latn;language=DFLT;" at 9.79996pt
 -> C:/windows/Fonts/consola.ttf
Requested font "Consolas/ICU:script=latn;language=DFLT;" at 7.0pt
 -> C:/windows/Fonts/consola.ttf
Requested font "msam10" at 14.0pt
 -> msam10
Requested font "msam7" at 9.79996pt
 -> msam7
Requested font "msam7" at 7.0pt
 -> msam7
Requested font "msbm10" at 14.0pt
 -> msbm10
Requested font "msbm7" at 9.79996pt
 -> msbm7
Requested font "msbm7" at 7.0pt
 -> msbm7
Requested font "cmr12" at 14.0pt
 -> cmr12
Requested font "cmr9" at 9.79996pt
 -> cmr9

Overfull \hbox (24.0pt too wide) in paragraph at lines 31--31
[][]
 []

[2]
Requested font "Adobe Heiti Std" at 15.0pt
 -> C:/windows/Fonts/AdobeHeitiStd-Regular.otf
Requested font "Adobe Heiti Std/ICU" at 15.0pt
 -> C:/windows/Fonts/AdobeHeitiStd-Regular.otf
.................................................
. fontspec info: "defining-font"
. 
. Font family 'AdobeHeitiStd(0)' created for font 'Adobe Heiti Std' with
. options [BoldFont={Adobe Heiti Std},BoldFeatures={RawFeature={embolden=4}}].
. 
. This font family consists of the following shapes:
.................................................
Requested font "Adobe Heiti Std/ICU:script=latn;language=DFLT;" at 15.0pt
 -> C:/windows/Fonts/AdobeHeitiStd-Regular.otf
Requested font "Adobe Heiti Std/ICU:script=latn;language=DFLT;" at 15.0pt
 -> C:/windows/Fonts/AdobeHeitiStd-Regular.otf
 (C:\Users\fanjiaqing\Desktop\nuist_latex_v0_package\nuist_latex_v0\main.toc
Requested font "Times New Roman/ICU:script=latn;language=DFLT;mapping=tex-text;
" at 10.5pt
 -> C:/windows/Fonts/times.ttf
Requested font "Adobe Song Std" at 10.5pt
 -> C:/windows/Fonts/AdobeSongStd-Light.otf
Requested font "Adobe Song Std/ICU" at 10.5pt
 -> C:/windows/Fonts/AdobeSongStd-Light.otf
.................................................
. fontspec info: "defining-font"
. 
. Font family 'AdobeSongStd(1)' created for font 'Adobe Song Std' with options
. [BoldFont={Adobe Song Std},BoldFeatures={RawFeature={embolden=4}}].
. 
. This font family consists of the following shapes:
.................................................
Requested font "Adobe Song Std/ICU:script=latn;language=DFLT;" at 10.5pt
 -> C:/windows/Fonts/AdobeSongStd-Light.otf
Requested font "Adobe Song Std/ICU:script=latn;language=DFLT;" at 10.5pt
 -> C:/windows/Fonts/AdobeSongStd-Light.otf
Requested font "Times New Roman/ICU:script=latn;language=DFLT;mapping=tex-text;
" at 9.0pt
 -> C:/windows/Fonts/times.ttf
Requested font "Times New Roman/ICU:script=latn;language=DFLT;mapping=tex-text;
" at 5.0pt
 -> C:/windows/Fonts/times.ttf
Requested font "cmmi9" at 9.0pt
 -> cmmi9
Requested font "cmsy9" at 9.0pt
 -> cmsy9
Requested font "cmex10" at 9.0pt
 -> cmex10
Requested font "cmex10" at 5.0pt
 -> cmex10
Requested font "Arial/ICU:script=latn;language=DFLT;mapping=tex-text;" at 9.0pt
 -> C:/windows/Fonts/arial.ttf
Requested font "Arial/ICU:script=latn;language=DFLT;mapping=tex-text;" at 5.0pt
 -> C:/windows/Fonts/arial.ttf
Requested font "Consolas/ICU:script=latn;language=DFLT;" at 9.0pt
 -> C:/windows/Fonts/consola.ttf
Requested font "Consolas/ICU:script=latn;language=DFLT;" at 5.0pt
 -> C:/windows/Fonts/consola.ttf
Requested font "msam7" at 9.0pt
 -> msam7
Requested font "msam5" at 5.0pt
 -> msam5
Requested font "msbm7" at 9.0pt
 -> msbm7
Requested font "msbm5" at 5.0pt
 -> msbm5
Requested font "cmr9" at 9.0pt
 -> cmr9
[3

])
\tf@toc=\write5
Requested font "Times New Roman/B/ICU:script=latn;language=DFLT;mapping=tex-tex
t;" at 10.5pt
 -> C:/windows/Fonts/timesbd.ttf
Requested font "Adobe Song Std" at 10.5pt
 -> C:/windows/Fonts/AdobeSongStd-Light.otf
Requested font "Adobe Song Std/ICU" at 10.5pt
 -> C:/windows/Fonts/AdobeSongStd-Light.otf
.................................................
. fontspec info: "defining-font"
. 
. Font family 'AdobeSongStd(1)' created for font 'Adobe Song Std' with options
. [BoldFont={Adobe Song Std},BoldFeatures={RawFeature={embolden=4}}].
. 
. This font family consists of the following shapes:
.................................................
Requested font "Adobe Song Std/ICU:script=latn;language=DFLT;embolden=4;" at 10
.5pt
 -> C:/windows/Fonts/AdobeSongStd-Light.otf
Requested font "Adobe Song Std/ICU:script=latn;language=DFLT;embolden=4;" at 10
.5pt
 -> C:/windows/Fonts/AdobeSongStd-Light.otf
 [4]
Requested font "Adobe Heiti Std" at 12.0pt
 -> C:/windows/Fonts/AdobeHeitiStd-Regular.otf
Requested font "Adobe Heiti Std/ICU" at 12.0pt
 -> C:/windows/Fonts/AdobeHeitiStd-Regular.otf
.................................................
. fontspec info: "defining-font"
. 
. Font family 'AdobeHeitiStd(0)' created for font 'Adobe Heiti Std' with
. options [BoldFont={Adobe Heiti Std},BoldFeatures={RawFeature={embolden=4}}].
. 
. This font family consists of the following shapes:
.................................................
Requested font "Adobe Heiti Std/ICU:script=latn;language=DFLT;" at 12.0pt
 -> C:/windows/Fonts/AdobeHeitiStd-Regular.otf
Requested font "Adobe Heiti Std/ICU:script=latn;language=DFLT;" at 12.0pt
 -> C:/windows/Fonts/AdobeHeitiStd-Regular.otf
Requested font "Adobe Fangsong Std" at 12.0pt
 -> C:/windows/Fonts/AdobeFangsongStd-Regular (v5.010).otf
Requested font "Adobe Fangsong Std/ICU" at 12.0pt
 -> C:/windows/Fonts/AdobeFangsongStd-Regular (v5.010).otf
.................................................
. fontspec info: "defining-font"
. 
. Font family 'AdobeFangsongStd(0)' created for font 'Adobe Fangsong Std' with
. options [BoldFont={Adobe Fangsong
. Std},BoldFeatures={RawFeature={embolden=4}}].
. 
. This font family consists of the following shapes:
.................................................
Requested font "Adobe Fangsong Std/ICU:script=latn;language=DFLT;" at 12.0pt
 -> C:/windows/Fonts/AdobeFangsongStd-Regular (v5.010).otf
Requested font "Adobe Fangsong Std/ICU:script=latn;language=DFLT;" at 12.0pt
 -> C:/windows/Fonts/AdobeFangsongStd-Regular (v5.010).otf
 [1

] [2

]
Requested font "Times New Roman/B/ICU:script=latn;language=DFLT;mapping=tex-tex
t;" at 12.0pt
 -> C:/windows/Fonts/timesbd.ttf
 [3] [4

]
(C:\Users\fanjiaqing\Desktop\nuist_latex_v0_package\nuist_latex_v0\body/chap00.
tex
Requested font "Adobe Heiti Std" at 14.0pt
 -> C:/windows/Fonts/AdobeHeitiStd-Regular.otf
Requested font "Adobe Heiti Std/ICU" at 14.0pt
 -> C:/windows/Fonts/AdobeHeitiStd-Regular.otf
.................................................
. fontspec info: "defining-font"
. 
. Font family 'AdobeHeitiStd(0)' created for font 'Adobe Heiti Std' with
. options [BoldFont={Adobe Heiti Std},BoldFeatures={RawFeature={embolden=4}}].
. 
. This font family consists of the following shapes:
.................................................
Requested font "Adobe Heiti Std/ICU:script=latn;language=DFLT;" at 14.0pt
 -> C:/windows/Fonts/AdobeHeitiStd-Regular.otf
Requested font "Adobe Heiti Std/ICU:script=latn;language=DFLT;" at 14.0pt
 -> C:/windows/Fonts/AdobeHeitiStd-Regular.otf
Requested font "Times New Roman/ICU:script=latn;language=DFLT;" at 12.0pt
 -> C:/windows/Fonts/times.ttf
Requested font "Adobe Heiti Std" at 12.0pt
 -> C:/windows/Fonts/AdobeHeitiStd-Regular.otf
Requested font "Adobe Heiti Std/ICU" at 12.0pt
 -> C:/windows/Fonts/AdobeHeitiStd-Regular.otf
.................................................
. fontspec info: "defining-font"
. 
. Font family 'AdobeHeitiStd(0)' created for font 'Adobe Heiti Std' with
. options [BoldFont={Adobe Heiti Std},BoldFeatures={RawFeature={embolden=4}}].
. 
. This font family consists of the following shapes:
.................................................
Requested font "Adobe Heiti Std/ICU:script=latn;language=DFLT;" at 12.0pt
 -> C:/windows/Fonts/AdobeHeitiStd-Regular.otf
) [1


]
(C:\Users\fanjiaqing\Desktop\nuist_latex_v0_package\nuist_latex_v0\body/chap01.
tex
Chapter 1.
[2



]) [3]
(C:\Users\fanjiaqing\Desktop\nuist_latex_v0_package\nuist_latex_v0\body/chap02.
tex
Chapter 2.
) [4



]
(C:\Users\fanjiaqing\Desktop\nuist_latex_v0_package\nuist_latex_v0\body/chap03.
tex
Chapter 3.
) [5



]
(C:\Users\fanjiaqing\Desktop\nuist_latex_v0_package\nuist_latex_v0\body/conclus
ion.tex) [6



]
(C:\Users\fanjiaqing\Desktop\nuist_latex_v0_package\nuist_latex_v0\main.bbl
LaTeX Font Info:    Calculating math sizes for size <10.5> on input line 11.
Requested font "Times New Roman/ICU:script=latn;language=DFLT;mapping=tex-text;
" at 7.34996pt
 -> C:/windows/Fonts/times.ttf
Requested font "Times New Roman/ICU:script=latn;language=DFLT;mapping=tex-text;
" at 5.25pt
 -> C:/windows/Fonts/times.ttf
Requested font "cmmi10" at 10.5pt
 -> cmmi10
Requested font "cmmi7" at 7.34996pt
 -> cmmi7
Requested font "cmmi5" at 5.25pt
 -> cmmi5
Requested font "cmsy10" at 10.5pt
 -> cmsy10
Requested font "cmsy7" at 7.34996pt
 -> cmsy7
Requested font "cmsy5" at 5.25pt
 -> cmsy5
Requested font "cmex10" at 10.5pt
 -> cmex10
Requested font "cmex10" at 7.34996pt
 -> cmex10
Requested font "cmex10" at 5.25pt
 -> cmex10
Requested font "Arial/ICU:script=latn;language=DFLT;mapping=tex-text;" at 10.5p
t
 -> C:/windows/Fonts/arial.ttf
Requested font "Arial/ICU:script=latn;language=DFLT;mapping=tex-text;" at 7.349
96pt
 -> C:/windows/Fonts/arial.ttf
Requested font "Arial/ICU:script=latn;language=DFLT;mapping=tex-text;" at 5.25p
t
 -> C:/windows/Fonts/arial.ttf
Requested font "Consolas/ICU:script=latn;language=DFLT;" at 10.5pt
 -> C:/windows/Fonts/consola.ttf
Requested font "Consolas/ICU:script=latn;language=DFLT;" at 7.34996pt
 -> C:/windows/Fonts/consola.ttf
Requested font "Consolas/ICU:script=latn;language=DFLT;" at 5.25pt
 -> C:/windows/Fonts/consola.ttf
Requested font "msam10" at 10.5pt
 -> msam10
Requested font "msam7" at 7.34996pt
 -> msam7
Requested font "msam5" at 5.25pt
 -> msam5
Requested font "msbm10" at 10.5pt
 -> msbm10
Requested font "msbm7" at 7.34996pt
 -> msbm7
Requested font "msbm5" at 5.25pt
 -> msbm5
Requested font "cmr10" at 10.5pt
 -> cmr10
Requested font "cmr7" at 7.34996pt
 -> cmr7
Requested font "cmr5" at 5.25pt
 -> cmr5
Requested font "Adobe Song Std" at 10.5pt
 -> C:/windows/Fonts/AdobeSongStd-Light.otf
Requested font "Adobe Song Std/ICU" at 10.5pt
 -> C:/windows/Fonts/AdobeSongStd-Light.otf
.................................................
. fontspec info: "defining-font"
. 
. Font family 'AdobeSongStd(0)' created for font 'Adobe Song Std' with options
. [BoldFont={Adobe Heiti Std},ItalicFont={Adobe Kaiti Std}].
. 
. This font family consists of the following shapes:
.................................................
Requested font "Adobe Song Std/ICU:script=latn;language=DFLT;" at 10.5pt
 -> C:/windows/Fonts/AdobeSongStd-Light.otf
Requested font "Adobe Song Std/ICU:script=latn;language=DFLT;" at 10.5pt
 -> C:/windows/Fonts/AdobeSongStd-Light.otf

[7


]) [8]
(C:\Users\fanjiaqing\Desktop\nuist_latex_v0_package\nuist_latex_v0\appendix/pub
lications.tex
Requested font "Times New Roman/I/ICU:script=latn;language=DFLT;mapping=tex-tex
t;" at 12.0pt
 -> C:/windows/Fonts/timesi.ttf
) [9


]
(C:\Users\fanjiaqing\Desktop\nuist_latex_v0_package\nuist_latex_v0\appendix/ack
nowledgements.tex) [10



]
\tf@thm=\write6
Package atveryend Info: Empty hook `BeforeClearDocument' on input line 97.
Package atveryend Info: Empty hook `AfterLastShipout' on input line 97.

(C:\Users\fanjiaqing\Desktop\nuist_latex_v0_package\nuist_latex_v0\main.aux
(C:\Users\fanjiaqing\Desktop\nuist_latex_v0_package\nuist_latex_v0\body/chap00.
aux)
(C:\Users\fanjiaqing\Desktop\nuist_latex_v0_package\nuist_latex_v0\body/chap01.
aux)
(C:\Users\fanjiaqing\Desktop\nuist_latex_v0_package\nuist_latex_v0\body/chap02.
aux)
(C:\Users\fanjiaqing\Desktop\nuist_latex_v0_package\nuist_latex_v0\body/chap03.
aux)
(C:\Users\fanjiaqing\Desktop\nuist_latex_v0_package\nuist_latex_v0\body/conclus
ion.aux)
(C:\Users\fanjiaqing\Desktop\nuist_latex_v0_package\nuist_latex_v0\appendix/pub
lications.aux)
(C:\Users\fanjiaqing\Desktop\nuist_latex_v0_package\nuist_latex_v0\appendix/ack
nowledgements.aux))
Package atveryend Info: Empty hook `AtVeryEndDocument' on input line 97.
Package atveryend Info: Empty hook `AtEndAfterFileList' on input line 97.
 ) 
Here is how much of TeX's memory you used:
 29845 strings out of 430478
 576761 string characters out of 3191501
 667700 words of memory out of 3000000
 32397 multiletter control sequences out of 15000+200000
 24379 words of font info for 199 fonts, out of 3000000 for 9000
 14 hyphenation exceptions out of 8191
 61i,12n,122p,907b,1069s stack positions out of 5000i,500n,10000p,200000b,50000s

Output written on main.pdf (18 pages).
