\BOOKMARK [0][]{chapter*.2}{摘　　要}{}% 1
\BOOKMARK [0][]{chapter*.3}{Abstract}{}% 2
\BOOKMARK [0][]{chapter*.4}{第一章  绪论}{}% 3
\BOOKMARK [1][]{section.0.1}{0.1 研究背景}{chapter*.4}% 4
\BOOKMARK [1][]{section.0.2}{0.2 国内外研究现状}{chapter*.4}% 5
\BOOKMARK [2][]{subsection.0.2.1}{0.2.1 快速相关滤波类目标跟踪}{section.0.2}% 6
\BOOKMARK [2][]{subsection.0.2.2}{0.2.2 神经网络类目标跟踪}{section.0.2}% 7
\BOOKMARK [1][]{section.0.3}{0.3 文章简介与结构}{chapter*.4}% 8
\BOOKMARK [2][]{subsection.0.3.1}{0.3.1 本文工作简介}{section.0.3}% 9
\BOOKMARK [2][]{subsection.0.3.2}{0.3.2 本文结构}{section.0.3}% 10
\BOOKMARK [0][]{chapter.1}{1 第二章  相关工作和评价指标}{}% 11
\BOOKMARK [1][]{section.1.1}{1.1 相关工作}{chapter.1}% 12
\BOOKMARK [2][]{subsection.1.1.1}{1.1.1 基于相关滤波的目标跟踪}{section.1.1}% 13
\BOOKMARK [2][]{subsection.1.1.2}{1.1.2 基于流形正则的目标跟踪}{section.1.1}% 14
\BOOKMARK [2][]{subsection.1.1.3}{1.1.3 整合多类估计的跟踪}{section.1.1}% 15
\BOOKMARK [1][]{section.1.2}{1.2 评价指标}{chapter.1}% 16
\BOOKMARK [2][]{subsection.1.2.1}{1.2.1 OTB数据集}{section.1.2}% 17
\BOOKMARK [2][]{subsection.1.2.2}{1.2.2 VOT数据集}{section.1.2}% 18
\BOOKMARK [2][]{subsection.1.2.3}{1.2.3 Temple-Color数据集}{section.1.2}% 19
\BOOKMARK [0][]{chapter.2}{2 第三章  基于流形正则的上下文感知相关滤波跟踪}{}% 20
\BOOKMARK [1][]{section.2.1}{2.1 动机}{chapter.2}% 21
\BOOKMARK [1][]{section.2.2}{2.2 做法}{chapter.2}% 22
\BOOKMARK [1][]{section.2.3}{2.3 数据集上的结果}{chapter.2}% 23
\BOOKMARK [0][]{chapter.3}{3 第四章  通过颜色聚类和时空正则相关学习的互补型跟踪}{}% 24
\BOOKMARK [1][]{section.3.1}{3.1 动机}{chapter.3}% 25
\BOOKMARK [1][]{section.3.2}{3.2 做法}{chapter.3}% 26
\BOOKMARK [1][]{section.3.3}{3.3 数据集上的结果}{chapter.3}% 27
\BOOKMARK [0][]{chapter*.5}{结　　论}{}% 28
\BOOKMARK [0][]{chapter*.6}{参考文献}{}% 29
\BOOKMARK [0][]{chapter*.7}{攻读硕士学位期间发表学术论文情况}{}% 30
\BOOKMARK [0][]{chapter*.8}{致　　谢}{}% 31
